{"F:\\1MERNProjects\\copiestogithub\\cropsensegit\\backend\\config\\mqtt.js": {"path":"F:\\1MERNProjects\\copiestogithub\\cropsensegit\\backend\\config\\mqtt.js","statementMap":{"0":{"start":{"line":10,"column":0},"end":{"line":78,"column":2}},"1":{"start":{"line":64,"column":26},"end":{"line":64,"column":49}},"2":{"start":{"line":65,"column":26},"end":{"line":65,"column":51}},"3":{"start":{"line":66,"column":26},"end":{"line":66,"column":48}},"4":{"start":{"line":68,"column":34},"end":{"line":68,"column":61}},"5":{"start":{"line":69,"column":34},"end":{"line":69,"column":68}},"6":{"start":{"line":70,"column":35},"end":{"line":70,"column":61}}},"fnMap":{"0":{"name":"(anonymous_0)","decl":{"start":{"line":64,"column":12},"end":{"line":64,"column":13}},"loc":{"start":{"line":64,"column":26},"end":{"line":64,"column":49}},"line":64},"1":{"name":"(anonymous_1)","decl":{"start":{"line":65,"column":12},"end":{"line":65,"column":13}},"loc":{"start":{"line":65,"column":26},"end":{"line":65,"column":51}},"line":65},"2":{"name":"(anonymous_2)","decl":{"start":{"line":66,"column":12},"end":{"line":66,"column":13}},"loc":{"start":{"line":66,"column":26},"end":{"line":66,"column":48}},"line":66},"3":{"name":"(anonymous_3)","decl":{"start":{"line":68,"column":20},"end":{"line":68,"column":21}},"loc":{"start":{"line":68,"column":34},"end":{"line":68,"column":61}},"line":68},"4":{"name":"(anonymous_4)","decl":{"start":{"line":69,"column":20},"end":{"line":69,"column":21}},"loc":{"start":{"line":69,"column":34},"end":{"line":69,"column":68}},"line":69},"5":{"name":"(anonymous_5)","decl":{"start":{"line":70,"column":21},"end":{"line":70,"column":22}},"loc":{"start":{"line":70,"column":35},"end":{"line":70,"column":61}},"line":70}},"branchMap":{"0":{"loc":{"start":{"line":14,"column":13},"end":{"line":14,"column":67}},"type":"binary-expr","locations":[{"start":{"line":14,"column":13},"end":{"line":14,"column":40}},{"start":{"line":14,"column":44},"end":{"line":14,"column":67}}],"line":14},"1":{"loc":{"start":{"line":19,"column":12},"end":{"line":19,"column":68}},"type":"binary-expr","locations":[{"start":{"line":19,"column":12},"end":{"line":19,"column":38}},{"start":{"line":19,"column":42},"end":{"line":19,"column":68}}],"line":19},"2":{"loc":{"start":{"line":22,"column":12},"end":{"line":22,"column":43}},"type":"binary-expr","locations":[{"start":{"line":22,"column":12},"end":{"line":22,"column":37}},{"start":{"line":22,"column":41},"end":{"line":22,"column":43}}],"line":22},"3":{"loc":{"start":{"line":23,"column":12},"end":{"line":23,"column":43}},"type":"binary-expr","locations":[{"start":{"line":23,"column":12},"end":{"line":23,"column":37}},{"start":{"line":23,"column":41},"end":{"line":23,"column":43}}],"line":23},"4":{"loc":{"start":{"line":75,"column":27},"end":{"line":77,"column":7}},"type":"cond-expr","locations":[{"start":{"line":76,"column":6},"end":{"line":76,"column":62}},{"start":{"line":77,"column":6},"end":{"line":77,"column":7}}],"line":75}},"s":{"0":1,"1":0,"2":0,"3":0,"4":0,"5":0,"6":0},"f":{"0":0,"1":0,"2":0,"3":0,"4":0,"5":0},"b":{"0":[1,1],"1":[1,1],"2":[1,1],"3":[1,1],"4":[0,1]},"_coverageSchema":"1a1c01bbd47fc00a2c39e90264f33305004495a9","hash":"6c4da58fe24ae80c7544a346666415c594b80b01"}
,"F:\\1MERNProjects\\copiestogithub\\cropsensegit\\backend\\models\\CommandLog.js": {"path":"F:\\1MERNProjects\\copiestogithub\\cropsensegit\\backend\\models\\CommandLog.js","statementMap":{"0":{"start":{"line":3,"column":17},"end":{"line":3,"column":36}},"1":{"start":{"line":5,"column":22},"end":{"line":13,"column":1}},"2":{"start":{"line":15,"column":25},"end":{"line":59,"column":1}},"3":{"start":{"line":61,"column":0},"end":{"line":61,"column":52}},"4":{"start":{"line":62,"column":0},"end":{"line":62,"column":50}},"5":{"start":{"line":63,"column":0},"end":{"line":63,"column":50}},"6":{"start":{"line":64,"column":0},"end":{"line":64,"column":75}},"7":{"start":{"line":66,"column":0},"end":{"line":66,"column":64}}},"fnMap":{},"branchMap":{},"s":{"0":1,"1":1,"2":1,"3":1,"4":1,"5":1,"6":1,"7":1},"f":{},"b":{},"_coverageSchema":"1a1c01bbd47fc00a2c39e90264f33305004495a9","hash":"086115c4f74fca71a0bde20692da21642b9258b9"}
,"F:\\1MERNProjects\\copiestogithub\\cropsensegit\\backend\\models\\DayForecast.js": {"path":"F:\\1MERNProjects\\copiestogithub\\cropsensegit\\backend\\models\\DayForecast.js","statementMap":{"0":{"start":{"line":1,"column":17},"end":{"line":1,"column":36}},"1":{"start":{"line":3,"column":28},"end":{"line":52,"column":2}},"2":{"start":{"line":54,"column":26},"end":{"line":83,"column":2}},"3":{"start":{"line":85,"column":0},"end":{"line":88,"column":2}}},"fnMap":{},"branchMap":{},"s":{"0":1,"1":1,"2":1,"3":1},"f":{},"b":{},"_coverageSchema":"1a1c01bbd47fc00a2c39e90264f33305004495a9","hash":"6a2efc484abc0e8467d731a6861891e1690fb504"}
,"F:\\1MERNProjects\\copiestogithub\\cropsensegit\\backend\\models\\Device.js": {"path":"F:\\1MERNProjects\\copiestogithub\\cropsensegit\\backend\\models\\Device.js","statementMap":{"0":{"start":{"line":13,"column":17},"end":{"line":13,"column":36}},"1":{"start":{"line":14,"column":15},"end":{"line":14,"column":32}},"2":{"start":{"line":16,"column":21},"end":{"line":110,"column":1}},"3":{"start":{"line":113,"column":0},"end":{"line":113,"column":32}},"4":{"start":{"line":114,"column":0},"end":{"line":114,"column":54}},"5":{"start":{"line":117,"column":0},"end":{"line":125,"column":2}},"6":{"start":{"line":118,"column":15},"end":{"line":118,"column":38}},"7":{"start":{"line":119,"column":2},"end":{"line":124,"column":4}},"8":{"start":{"line":127,"column":0},"end":{"line":127,"column":56}}},"fnMap":{"0":{"name":"(anonymous_0)","decl":{"start":{"line":117,"column":35},"end":{"line":117,"column":36}},"loc":{"start":{"line":117,"column":47},"end":{"line":125,"column":1}},"line":117}},"branchMap":{},"s":{"0":1,"1":1,"2":1,"3":1,"4":1,"5":1,"6":0,"7":0,"8":1},"f":{"0":0},"b":{},"_coverageSchema":"1a1c01bbd47fc00a2c39e90264f33305004495a9","hash":"c204101b336e992260a38e7b5ed5da24f7bbe561"}
,"F:\\1MERNProjects\\copiestogithub\\cropsensegit\\backend\\models\\Farm.js": {"path":"F:\\1MERNProjects\\copiestogithub\\cropsensegit\\backend\\models\\Farm.js","statementMap":{"0":{"start":{"line":1,"column":17},"end":{"line":1,"column":36}},"1":{"start":{"line":2,"column":18},"end":{"line":2,"column":47}},"2":{"start":{"line":4,"column":19},"end":{"line":115,"column":2}},"3":{"start":{"line":117,"column":0},"end":{"line":124,"column":3}},"4":{"start":{"line":119,"column":4},"end":{"line":121,"column":5}},"5":{"start":{"line":120,"column":8},"end":{"line":120,"column":51}},"6":{"start":{"line":126,"column":0},"end":{"line":126,"column":52}}},"fnMap":{"0":{"name":"(anonymous_0)","decl":{"start":{"line":117,"column":23},"end":{"line":117,"column":24}},"loc":{"start":{"line":117,"column":40},"end":{"line":124,"column":1}},"line":117}},"branchMap":{"0":{"loc":{"start":{"line":119,"column":4},"end":{"line":121,"column":5}},"type":"if","locations":[{"start":{"line":119,"column":4},"end":{"line":121,"column":5}},{"start":{},"end":{}}],"line":119}},"s":{"0":1,"1":1,"2":1,"3":1,"4":0,"5":0,"6":1},"f":{"0":0},"b":{"0":[0,0]},"_coverageSchema":"1a1c01bbd47fc00a2c39e90264f33305004495a9","hash":"3c0e5ab48e49c128b765093b0445feae28798a20"}
,"F:\\1MERNProjects\\copiestogithub\\cropsensegit\\backend\\models\\IrrigationExecution.js": {"path":"F:\\1MERNProjects\\copiestogithub\\cropsensegit\\backend\\models\\IrrigationExecution.js","statementMap":{"0":{"start":{"line":1,"column":17},"end":{"line":1,"column":36}},"1":{"start":{"line":3,"column":31},"end":{"line":12,"column":1}},"2":{"start":{"line":14,"column":35},"end":{"line":21,"column":1}},"3":{"start":{"line":23,"column":34},"end":{"line":87,"column":1}},"4":{"start":{"line":89,"column":0},"end":{"line":89,"column":72}},"5":{"start":{"line":90,"column":0},"end":{"line":90,"column":58}},"6":{"start":{"line":91,"column":0},"end":{"line":91,"column":61}},"7":{"start":{"line":93,"column":0},"end":{"line":93,"column":82}}},"fnMap":{},"branchMap":{},"s":{"0":1,"1":1,"2":1,"3":1,"4":1,"5":1,"6":1,"7":1},"f":{},"b":{},"_coverageSchema":"1a1c01bbd47fc00a2c39e90264f33305004495a9","hash":"9adaffb7ddb9d02dc25d2a6434c92b600fdc7f05"}
,"F:\\1MERNProjects\\copiestogithub\\cropsensegit\\backend\\models\\Notification.js": {"path":"F:\\1MERNProjects\\copiestogithub\\cropsensegit\\backend\\models\\Notification.js","statementMap":{"0":{"start":{"line":17,"column":17},"end":{"line":17,"column":36}},"1":{"start":{"line":19,"column":27},"end":{"line":93,"column":1}},"2":{"start":{"line":96,"column":0},"end":{"line":96,"column":64}},"3":{"start":{"line":97,"column":0},"end":{"line":97,"column":53}},"4":{"start":{"line":100,"column":0},"end":{"line":103,"column":2}},"5":{"start":{"line":105,"column":0},"end":{"line":105,"column":68}}},"fnMap":{},"branchMap":{},"s":{"0":1,"1":1,"2":1,"3":1,"4":1,"5":1},"f":{},"b":{},"_coverageSchema":"1a1c01bbd47fc00a2c39e90264f33305004495a9","hash":"48565727cbcbc2cc8888fc58c7cdc5e1bd2ab265"}
,"F:\\1MERNProjects\\copiestogithub\\cropsensegit\\backend\\models\\SensorData.js": {"path":"F:\\1MERNProjects\\copiestogithub\\cropsensegit\\backend\\models\\SensorData.js","statementMap":{"0":{"start":{"line":1,"column":17},"end":{"line":1,"column":36}},"1":{"start":{"line":3,"column":25},"end":{"line":124,"column":1}},"2":{"start":{"line":128,"column":0},"end":{"line":128,"column":54}},"3":{"start":{"line":131,"column":0},"end":{"line":131,"column":52}},"4":{"start":{"line":134,"column":0},"end":{"line":134,"column":52}},"5":{"start":{"line":136,"column":0},"end":{"line":136,"column":64}}},"fnMap":{},"branchMap":{},"s":{"0":1,"1":1,"2":1,"3":1,"4":1,"5":1},"f":{},"b":{},"_coverageSchema":"1a1c01bbd47fc00a2c39e90264f33305004495a9","hash":"896a01d74fd086b0e9303e36998f95c520f6cc0c"}
,"F:\\1MERNProjects\\copiestogithub\\cropsensegit\\backend\\services\\commandService.js": {"path":"F:\\1MERNProjects\\copiestogithub\\cropsensegit\\backend\\services\\commandService.js","statementMap":{"0":{"start":{"line":29,"column":19},"end":{"line":29,"column":36}},"1":{"start":{"line":30,"column":19},"end":{"line":30,"column":50}},"2":{"start":{"line":31,"column":27},"end":{"line":31,"column":51}},"3":{"start":{"line":32,"column":27},"end":{"line":32,"column":53}},"4":{"start":{"line":35,"column":23},"end":{"line":35,"column":77}},"5":{"start":{"line":36,"column":23},"end":{"line":36,"column":24}},"6":{"start":{"line":40,"column":19},"end":{"line":40,"column":28}},"7":{"start":{"line":57,"column":16},"end":{"line":57,"column":53}},"8":{"start":{"line":65,"column":22},"end":{"line":71,"column":3}},"9":{"start":{"line":73,"column":2},"end":{"line":73,"column":58}},"10":{"start":{"line":74,"column":2},"end":{"line":74,"column":88}},"11":{"start":{"line":75,"column":2},"end":{"line":75,"column":90}},"12":{"start":{"line":76,"column":2},"end":{"line":76,"column":65}},"13":{"start":{"line":79,"column":21},"end":{"line":91,"column":4}},"14":{"start":{"line":93,"column":2},"end":{"line":93,"column":64}},"15":{"start":{"line":96,"column":2},"end":{"line":131,"column":3}},"16":{"start":{"line":97,"column":4},"end":{"line":97,"column":80}},"17":{"start":{"line":98,"column":4},"end":{"line":98,"column":55}},"18":{"start":{"line":99,"column":4},"end":{"line":99,"column":79}},"19":{"start":{"line":101,"column":4},"end":{"line":107,"column":6}},"20":{"start":{"line":109,"column":4},"end":{"line":109,"column":87}},"21":{"start":{"line":111,"column":4},"end":{"line":111,"column":83}},"22":{"start":{"line":112,"column":4},"end":{"line":112,"column":33}},"23":{"start":{"line":115,"column":4},"end":{"line":115,"column":85}},"24":{"start":{"line":118,"column":4},"end":{"line":121,"column":32}},"25":{"start":{"line":119,"column":36},"end":{"line":119,"column":60}},"26":{"start":{"line":120,"column":6},"end":{"line":120,"column":67}},"27":{"start":{"line":123,"column":4},"end":{"line":129,"column":6}},"28":{"start":{"line":130,"column":4},"end":{"line":130,"column":18}},"29":{"start":{"line":145,"column":2},"end":{"line":145,"column":24}},"30":{"start":{"line":147,"column":14},"end":{"line":157,"column":10}},"31":{"start":{"line":159,"column":2},"end":{"line":163,"column":3}},"32":{"start":{"line":161,"column":4},"end":{"line":161,"column":78}},"33":{"start":{"line":162,"column":4},"end":{"line":162,"column":11}},"34":{"start":{"line":165,"column":2},"end":{"line":165,"column":89}},"35":{"start":{"line":168,"column":2},"end":{"line":176,"column":5}},"36":{"start":{"line":179,"column":17},"end":{"line":179,"column":44}},"37":{"start":{"line":181,"column":17},"end":{"line":181,"column":70}},"38":{"start":{"line":182,"column":2},"end":{"line":182,"column":22}},"39":{"start":{"line":182,"column":15},"end":{"line":182,"column":22}},"40":{"start":{"line":184,"column":14},"end":{"line":199,"column":10}},"41":{"start":{"line":201,"column":2},"end":{"line":201,"column":19}},"42":{"start":{"line":201,"column":12},"end":{"line":201,"column":19}},"43":{"start":{"line":203,"column":2},"end":{"line":210,"column":5}},"44":{"start":{"line":223,"column":14},"end":{"line":226,"column":11}},"45":{"start":{"line":228,"column":2},"end":{"line":228,"column":49}},"46":{"start":{"line":228,"column":12},"end":{"line":228,"column":49}},"47":{"start":{"line":230,"column":23},"end":{"line":230,"column":50}},"48":{"start":{"line":231,"column":2},"end":{"line":233,"column":3}},"49":{"start":{"line":232,"column":4},"end":{"line":232,"column":71}},"50":{"start":{"line":234,"column":2},"end":{"line":236,"column":3}},"51":{"start":{"line":235,"column":4},"end":{"line":235,"column":71}},"52":{"start":{"line":237,"column":2},"end":{"line":239,"column":3}},"53":{"start":{"line":238,"column":4},"end":{"line":238,"column":56}},"54":{"start":{"line":243,"column":2},"end":{"line":245,"column":3}},"55":{"start":{"line":244,"column":4},"end":{"line":244,"column":111}},"56":{"start":{"line":248,"column":17},"end":{"line":248,"column":44}},"57":{"start":{"line":249,"column":17},"end":{"line":249,"column":57}},"58":{"start":{"line":250,"column":2},"end":{"line":250,"column":51}},"59":{"start":{"line":250,"column":15},"end":{"line":250,"column":51}},"60":{"start":{"line":254,"column":22},"end":{"line":263,"column":3}},"61":{"start":{"line":265,"column":2},"end":{"line":288,"column":3}},"62":{"start":{"line":266,"column":4},"end":{"line":266,"column":55}},"63":{"start":{"line":268,"column":20},"end":{"line":275,"column":12}},"64":{"start":{"line":277,"column":4},"end":{"line":277,"column":74}},"65":{"start":{"line":279,"column":4},"end":{"line":279,"column":89}},"66":{"start":{"line":280,"column":4},"end":{"line":280,"column":19}},"67":{"start":{"line":283,"column":4},"end":{"line":286,"column":7}},"68":{"start":{"line":287,"column":4},"end":{"line":287,"column":18}},"69":{"start":{"line":297,"column":2},"end":{"line":297,"column":31}},"70":{"start":{"line":299,"column":14},"end":{"line":307,"column":10}},"71":{"start":{"line":309,"column":2},"end":{"line":309,"column":80}},"72":{"start":{"line":309,"column":12},"end":{"line":309,"column":80}},"73":{"start":{"line":311,"column":2},"end":{"line":311,"column":66}},"74":{"start":{"line":313,"column":2},"end":{"line":317,"column":5}},"75":{"start":{"line":319,"column":2},"end":{"line":319,"column":13}},"76":{"start":{"line":327,"column":2},"end":{"line":327,"column":31}},"77":{"start":{"line":329,"column":17},"end":{"line":352,"column":15}},"78":{"start":{"line":330,"column":4},"end":{"line":330,"column":36}},"79":{"start":{"line":331,"column":4},"end":{"line":351,"column":5}},"80":{"start":{"line":332,"column":18},"end":{"line":336,"column":14}},"81":{"start":{"line":338,"column":6},"end":{"line":338,"column":23}},"82":{"start":{"line":338,"column":16},"end":{"line":338,"column":23}},"83":{"start":{"line":340,"column":6},"end":{"line":340,"column":77}},"84":{"start":{"line":342,"column":6},"end":{"line":348,"column":9}},"85":{"start":{"line":350,"column":6},"end":{"line":350,"column":72}},"86":{"start":{"line":354,"column":2},"end":{"line":354,"column":39}},"87":{"start":{"line":358,"column":17},"end":{"line":358,"column":36}},"88":{"start":{"line":359,"column":2},"end":{"line":362,"column":3}},"89":{"start":{"line":360,"column":4},"end":{"line":360,"column":25}},"90":{"start":{"line":361,"column":4},"end":{"line":361,"column":27}},"91":{"start":{"line":365,"column":0},"end":{"line":373,"column":2}}},"fnMap":{"0":{"name":"issueCommand","decl":{"start":{"line":56,"column":15},"end":{"line":56,"column":27}},"loc":{"start":{"line":56,"column":107},"end":{"line":132,"column":1}},"line":56},"1":{"name":"acknowledgeCommand","decl":{"start":{"line":143,"column":15},"end":{"line":143,"column":33}},"loc":{"start":{"line":143,"column":64},"end":{"line":177,"column":1}},"line":143},"2":{"name":"acknowledgeLatestCommand","decl":{"start":{"line":178,"column":15},"end":{"line":178,"column":39}},"loc":{"start":{"line":178,"column":63},"end":{"line":211,"column":1}},"line":178},"3":{"name":"retryCommand","decl":{"start":{"line":222,"column":15},"end":{"line":222,"column":27}},"loc":{"start":{"line":222,"column":50},"end":{"line":289,"column":1}},"line":222},"4":{"name":"cancelCommand","decl":{"start":{"line":296,"column":15},"end":{"line":296,"column":28}},"loc":{"start":{"line":296,"column":51},"end":{"line":320,"column":1}},"line":296},"5":{"name":"_startAckTimer","decl":{"start":{"line":326,"column":9},"end":{"line":326,"column":23}},"loc":{"start":{"line":326,"column":75},"end":{"line":355,"column":1}},"line":326},"6":{"name":"(anonymous_6)","decl":{"start":{"line":329,"column":28},"end":{"line":329,"column":29}},"loc":{"start":{"line":329,"column":40},"end":{"line":352,"column":3}},"line":329},"7":{"name":"_clearAckTimer","decl":{"start":{"line":357,"column":9},"end":{"line":357,"column":23}},"loc":{"start":{"line":357,"column":29},"end":{"line":363,"column":1}},"line":357}},"branchMap":{"0":{"loc":{"start":{"line":35,"column":23},"end":{"line":35,"column":77}},"type":"binary-expr","locations":[{"start":{"line":35,"column":23},"end":{"line":35,"column":67}},{"start":{"line":35,"column":71},"end":{"line":35,"column":77}}],"line":35},"1":{"loc":{"start":{"line":56,"column":63},"end":{"line":56,"column":80}},"type":"default-arg","locations":[{"start":{"line":56,"column":72},"end":{"line":56,"column":80}}],"line":56},"2":{"loc":{"start":{"line":56,"column":82},"end":{"line":56,"column":103}},"type":"default-arg","locations":[{"start":{"line":56,"column":99},"end":{"line":56,"column":103}}],"line":56},"3":{"loc":{"start":{"line":70,"column":8},"end":{"line":70,"column":89}},"type":"cond-expr","locations":[{"start":{"line":70,"column":66},"end":{"line":70,"column":84}},{"start":{"line":70,"column":87},"end":{"line":70,"column":89}}],"line":70},"4":{"loc":{"start":{"line":70,"column":8},"end":{"line":70,"column":63}},"type":"binary-expr","locations":[{"start":{"line":70,"column":8},"end":{"line":70,"column":31}},{"start":{"line":70,"column":35},"end":{"line":70,"column":63}}],"line":70},"5":{"loc":{"start":{"line":82,"column":16},"end":{"line":82,"column":35}},"type":"binary-expr","locations":[{"start":{"line":82,"column":16},"end":{"line":82,"column":27}},{"start":{"line":82,"column":31},"end":{"line":82,"column":35}}],"line":82},"6":{"loc":{"start":{"line":143,"column":53},"end":{"line":143,"column":62}},"type":"default-arg","locations":[{"start":{"line":143,"column":58},"end":{"line":143,"column":62}}],"line":143},"7":{"loc":{"start":{"line":151,"column":20},"end":{"line":151,"column":43}},"type":"cond-expr","locations":[{"start":{"line":151,"column":25},"end":{"line":151,"column":32}},{"start":{"line":151,"column":35},"end":{"line":151,"column":43}}],"line":151},"8":{"loc":{"start":{"line":153,"column":12},"end":{"line":153,"column":74}},"type":"cond-expr","locations":[{"start":{"line":153,"column":17},"end":{"line":153,"column":19}},{"start":{"line":153,"column":22},"end":{"line":153,"column":74}}],"line":153},"9":{"loc":{"start":{"line":159,"column":2},"end":{"line":163,"column":3}},"type":"if","locations":[{"start":{"line":159,"column":2},"end":{"line":163,"column":3}},{"start":{},"end":{}}],"line":159},"10":{"loc":{"start":{"line":165,"column":17},"end":{"line":165,"column":31}},"type":"cond-expr","locations":[{"start":{"line":165,"column":22},"end":{"line":165,"column":25}},{"start":{"line":165,"column":28},"end":{"line":165,"column":31}}],"line":165},"11":{"loc":{"start":{"line":178,"column":52},"end":{"line":178,"column":61}},"type":"default-arg","locations":[{"start":{"line":178,"column":57},"end":{"line":178,"column":61}}],"line":178},"12":{"loc":{"start":{"line":182,"column":2},"end":{"line":182,"column":22}},"type":"if","locations":[{"start":{"line":182,"column":2},"end":{"line":182,"column":22}},{"start":{},"end":{}}],"line":182},"13":{"loc":{"start":{"line":191,"column":20},"end":{"line":191,"column":43}},"type":"cond-expr","locations":[{"start":{"line":191,"column":25},"end":{"line":191,"column":32}},{"start":{"line":191,"column":35},"end":{"line":191,"column":43}}],"line":191},"14":{"loc":{"start":{"line":201,"column":2},"end":{"line":201,"column":19}},"type":"if","locations":[{"start":{"line":201,"column":2},"end":{"line":201,"column":19}},{"start":{},"end":{}}],"line":201},"15":{"loc":{"start":{"line":228,"column":2},"end":{"line":228,"column":49}},"type":"if","locations":[{"start":{"line":228,"column":2},"end":{"line":228,"column":49}},{"start":{},"end":{}}],"line":228},"16":{"loc":{"start":{"line":230,"column":24},"end":{"line":230,"column":42}},"type":"binary-expr","locations":[{"start":{"line":230,"column":24},"end":{"line":230,"column":36}},{"start":{"line":230,"column":40},"end":{"line":230,"column":42}}],"line":230},"17":{"loc":{"start":{"line":231,"column":2},"end":{"line":233,"column":3}},"type":"if","locations":[{"start":{"line":231,"column":2},"end":{"line":233,"column":3}},{"start":{},"end":{}}],"line":231},"18":{"loc":{"start":{"line":234,"column":2},"end":{"line":236,"column":3}},"type":"if","locations":[{"start":{"line":234,"column":2},"end":{"line":236,"column":3}},{"start":{},"end":{}}],"line":234},"19":{"loc":{"start":{"line":237,"column":2},"end":{"line":239,"column":3}},"type":"if","locations":[{"start":{"line":237,"column":2},"end":{"line":239,"column":3}},{"start":{},"end":{}}],"line":237},"20":{"loc":{"start":{"line":243,"column":2},"end":{"line":245,"column":3}},"type":"if","locations":[{"start":{"line":243,"column":2},"end":{"line":245,"column":3}},{"start":{},"end":{}}],"line":243},"21":{"loc":{"start":{"line":250,"column":2},"end":{"line":250,"column":51}},"type":"if","locations":[{"start":{"line":250,"column":2},"end":{"line":250,"column":51}},{"start":{},"end":{}}],"line":250},"22":{"loc":{"start":{"line":260,"column":8},"end":{"line":262,"column":10}},"type":"cond-expr","locations":[{"start":{"line":261,"column":8},"end":{"line":261,"column":54}},{"start":{"line":262,"column":8},"end":{"line":262,"column":10}}],"line":260},"23":{"loc":{"start":{"line":309,"column":2},"end":{"line":309,"column":80}},"type":"if","locations":[{"start":{"line":309,"column":2},"end":{"line":309,"column":80}},{"start":{},"end":{}}],"line":309},"24":{"loc":{"start":{"line":338,"column":6},"end":{"line":338,"column":23}},"type":"if","locations":[{"start":{"line":338,"column":6},"end":{"line":338,"column":23}},{"start":{},"end":{}}],"line":338},"25":{"loc":{"start":{"line":359,"column":2},"end":{"line":362,"column":3}},"type":"if","locations":[{"start":{"line":359,"column":2},"end":{"line":362,"column":3}},{"start":{},"end":{}}],"line":359}},"s":{"0":1,"1":1,"2":1,"3":1,"4":1,"5":1,"6":1,"7":0,"8":0,"9":0,"10":0,"11":0,"12":0,"13":0,"14":0,"15":0,"16":0,"17":0,"18":0,"19":0,"20":0,"21":0,"22":0,"23":0,"24":0,"25":0,"26":0,"27":0,"28":0,"29":0,"30":0,"31":0,"32":0,"33":0,"34":0,"35":0,"36":0,"37":0,"38":0,"39":0,"40":0,"41":0,"42":0,"43":0,"44":0,"45":0,"46":0,"47":0,"48":0,"49":0,"50":0,"51":0,"52":0,"53":0,"54":0,"55":0,"56":0,"57":0,"58":0,"59":0,"60":0,"61":0,"62":0,"63":0,"64":0,"65":0,"66":0,"67":0,"68":0,"69":0,"70":0,"71":0,"72":0,"73":0,"74":0,"75":0,"76":0,"77":0,"78":0,"79":0,"80":0,"81":0,"82":0,"83":0,"84":0,"85":0,"86":0,"87":0,"88":0,"89":0,"90":0,"91":1},"f":{"0":0,"1":0,"2":0,"3":0,"4":0,"5":0,"6":0,"7":0},"b":{"0":[1,1],"1":[0],"2":[0],"3":[0,0],"4":[0,0],"5":[0,0],"6":[0],"7":[0,0],"8":[0,0],"9":[0,0],"10":[0,0],"11":[0],"12":[0,0],"13":[0,0],"14":[0,0],"15":[0,0],"16":[0,0],"17":[0,0],"18":[0,0],"19":[0,0],"20":[0,0],"21":[0,0],"22":[0,0],"23":[0,0],"24":[0,0],"25":[0,0]},"_coverageSchema":"1a1c01bbd47fc00a2c39e90264f33305004495a9","hash":"941c8bffc5dee248e9e4a9ddde4e1b8dbd351135"}
,"F:\\1MERNProjects\\copiestogithub\\cropsensegit\\backend\\services\\deviceCacheService.js": {"path":"F:\\1MERNProjects\\copiestogithub\\cropsensegit\\backend\\services\\deviceCacheService.js","statementMap":{"0":{"start":{"line":21,"column":15},"end":{"line":21,"column":42}},"1":{"start":{"line":24,"column":23},"end":{"line":24,"column":36}},"2":{"start":{"line":25,"column":23},"end":{"line":25,"column":26}},"3":{"start":{"line":28,"column":14},"end":{"line":28,"column":23}},"4":{"start":{"line":36,"column":14},"end":{"line":36,"column":30}},"5":{"start":{"line":39,"column":17},"end":{"line":39,"column":31}},"6":{"start":{"line":40,"column":2},"end":{"line":47,"column":3}},"7":{"start":{"line":41,"column":16},"end":{"line":41,"column":44}},"8":{"start":{"line":42,"column":4},"end":{"line":44,"column":5}},"9":{"start":{"line":43,"column":6},"end":{"line":43,"column":27}},"10":{"start":{"line":46,"column":4},"end":{"line":46,"column":22}},"11":{"start":{"line":50,"column":17},"end":{"line":52,"column":11}},"12":{"start":{"line":54,"column":2},"end":{"line":54,"column":27}},"13":{"start":{"line":54,"column":15},"end":{"line":54,"column":27}},"14":{"start":{"line":57,"column":2},"end":{"line":60,"column":3}},"15":{"start":{"line":58,"column":22},"end":{"line":58,"column":47}},"16":{"start":{"line":59,"column":4},"end":{"line":59,"column":28}},"17":{"start":{"line":62,"column":2},"end":{"line":62,"column":51}},"18":{"start":{"line":63,"column":2},"end":{"line":63,"column":16}},"19":{"start":{"line":72,"column":2},"end":{"line":72,"column":33}},"20":{"start":{"line":80,"column":2},"end":{"line":80,"column":16}},"21":{"start":{"line":89,"column":2},"end":{"line":93,"column":4}},"22":{"start":{"line":96,"column":0},"end":{"line":101,"column":2}}},"fnMap":{"0":{"name":"getDevice","decl":{"start":{"line":35,"column":15},"end":{"line":35,"column":24}},"loc":{"start":{"line":35,"column":43},"end":{"line":64,"column":1}},"line":35},"1":{"name":"invalidate","decl":{"start":{"line":71,"column":9},"end":{"line":71,"column":19}},"loc":{"start":{"line":71,"column":38},"end":{"line":73,"column":1}},"line":71},"2":{"name":"invalidateAll","decl":{"start":{"line":79,"column":9},"end":{"line":79,"column":22}},"loc":{"start":{"line":79,"column":25},"end":{"line":81,"column":1}},"line":79},"3":{"name":"getCacheStats","decl":{"start":{"line":88,"column":9},"end":{"line":88,"column":22}},"loc":{"start":{"line":88,"column":25},"end":{"line":94,"column":1}},"line":88}},"branchMap":{"0":{"loc":{"start":{"line":40,"column":2},"end":{"line":47,"column":3}},"type":"if","locations":[{"start":{"line":40,"column":2},"end":{"line":47,"column":3}},{"start":{},"end":{}}],"line":40},"1":{"loc":{"start":{"line":42,"column":4},"end":{"line":44,"column":5}},"type":"if","locations":[{"start":{"line":42,"column":4},"end":{"line":44,"column":5}},{"start":{},"end":{}}],"line":42},"2":{"loc":{"start":{"line":54,"column":2},"end":{"line":54,"column":27}},"type":"if","locations":[{"start":{"line":54,"column":2},"end":{"line":54,"column":27}},{"start":{},"end":{}}],"line":54},"3":{"loc":{"start":{"line":57,"column":2},"end":{"line":60,"column":3}},"type":"if","locations":[{"start":{"line":57,"column":2},"end":{"line":60,"column":3}},{"start":{},"end":{}}],"line":57}},"s":{"0":1,"1":1,"2":1,"3":1,"4":0,"5":0,"6":0,"7":0,"8":0,"9":0,"10":0,"11":0,"12":0,"13":0,"14":0,"15":0,"16":0,"17":0,"18":0,"19":0,"20":0,"21":0,"22":1},"f":{"0":0,"1":0,"2":0,"3":0},"b":{"0":[0,0],"1":[0,0],"2":[0,0],"3":[0,0]},"_coverageSchema":"1a1c01bbd47fc00a2c39e90264f33305004495a9","hash":"fd7d192f952d78774fba593939262b798e67d5cb"}
,"F:\\1MERNProjects\\copiestogithub\\cropsensegit\\backend\\services\\deviceStatusService.js": {"path":"F:\\1MERNProjects\\copiestogithub\\cropsensegit\\backend\\services\\deviceStatusService.js","statementMap":{"0":{"start":{"line":22,"column":21},"end":{"line":22,"column":48}},"1":{"start":{"line":23,"column":40},"end":{"line":23,"column":71}},"2":{"start":{"line":24,"column":40},"end":{"line":24,"column":66}},"3":{"start":{"line":25,"column":40},"end":{"line":25,"column":69}},"4":{"start":{"line":30,"column":34},"end":{"line":30,"column":95}},"5":{"start":{"line":47,"column":21},"end":{"line":47,"column":47}},"6":{"start":{"line":49,"column":23},"end":{"line":53,"column":3}},"7":{"start":{"line":54,"column":2},"end":{"line":56,"column":3}},"8":{"start":{"line":55,"column":4},"end":{"line":55,"column":56}},"9":{"start":{"line":59,"column":17},"end":{"line":59,"column":84}},"10":{"start":{"line":62,"column":2},"end":{"line":62,"column":30}},"11":{"start":{"line":64,"column":2},"end":{"line":68,"column":4}},"12":{"start":{"line":70,"column":2},"end":{"line":70,"column":26}},"13":{"start":{"line":70,"column":19},"end":{"line":70,"column":26}},"14":{"start":{"line":73,"column":2},"end":{"line":78,"column":5}},"15":{"start":{"line":81,"column":2},"end":{"line":91,"column":3}},"16":{"start":{"line":82,"column":4},"end":{"line":90,"column":7}},"17":{"start":{"line":103,"column":2},"end":{"line":103,"column":42}},"18":{"start":{"line":103,"column":35},"end":{"line":103,"column":42}},"19":{"start":{"line":105,"column":2},"end":{"line":108,"column":4}},"20":{"start":{"line":109,"column":2},"end":{"line":109,"column":30}},"21":{"start":{"line":111,"column":16},"end":{"line":111,"column":69}},"22":{"start":{"line":112,"column":2},"end":{"line":112,"column":79}},"23":{"start":{"line":115,"column":2},"end":{"line":121,"column":5}},"24":{"start":{"line":124,"column":18},"end":{"line":126,"column":30}},"25":{"start":{"line":127,"column":18},"end":{"line":129,"column":73}},"26":{"start":{"line":131,"column":2},"end":{"line":140,"column":5}},"27":{"start":{"line":152,"column":2},"end":{"line":152,"column":36}},"28":{"start":{"line":152,"column":24},"end":{"line":152,"column":36}},"29":{"start":{"line":153,"column":22},"end":{"line":153,"column":59}},"30":{"start":{"line":154,"column":2},"end":{"line":154,"column":72}},"31":{"start":{"line":173,"column":16},"end":{"line":173,"column":49}},"32":{"start":{"line":174,"column":2},"end":{"line":189,"column":4}},"33":{"start":{"line":200,"column":18},"end":{"line":202,"column":11}},"34":{"start":{"line":204,"column":18},"end":{"line":210,"column":3}},"35":{"start":{"line":212,"column":2},"end":{"line":221,"column":3}},"36":{"start":{"line":213,"column":4},"end":{"line":220,"column":5}},"37":{"start":{"line":214,"column":6},"end":{"line":214,"column":23}},"38":{"start":{"line":215,"column":6},"end":{"line":215,"column":44}},"39":{"start":{"line":215,"column":22},"end":{"line":215,"column":44}},"40":{"start":{"line":216,"column":11},"end":{"line":220,"column":5}},"41":{"start":{"line":217,"column":6},"end":{"line":217,"column":24}},"42":{"start":{"line":219,"column":6},"end":{"line":219,"column":24}},"43":{"start":{"line":223,"column":2},"end":{"line":223,"column":17}},"44":{"start":{"line":233,"column":2},"end":{"line":251,"column":3}},"45":{"start":{"line":234,"column":25},"end":{"line":237,"column":13}},"46":{"start":{"line":239,"column":4},"end":{"line":241,"column":5}},"47":{"start":{"line":240,"column":6},"end":{"line":240,"column":82}},"48":{"start":{"line":243,"column":4},"end":{"line":245,"column":5}},"49":{"start":{"line":244,"column":6},"end":{"line":244,"column":45}},"50":{"start":{"line":247,"column":4},"end":{"line":247,"column":31}},"51":{"start":{"line":249,"column":4},"end":{"line":249,"column":62}},"52":{"start":{"line":250,"column":4},"end":{"line":250,"column":13}},"53":{"start":{"line":254,"column":0},"end":{"line":262,"column":2}}},"fnMap":{"0":{"name":"markOnline","decl":{"start":{"line":46,"column":15},"end":{"line":46,"column":25}},"loc":{"start":{"line":46,"column":45},"end":{"line":92,"column":1}},"line":46},"1":{"name":"markOffline","decl":{"start":{"line":102,"column":15},"end":{"line":102,"column":26}},"loc":{"start":{"line":102,"column":51},"end":{"line":141,"column":1}},"line":102},"2":{"name":"isStale","decl":{"start":{"line":151,"column":9},"end":{"line":151,"column":16}},"loc":{"start":{"line":151,"column":25},"end":{"line":155,"column":1}},"line":151},"3":{"name":"generateLwtConfig","decl":{"start":{"line":172,"column":9},"end":{"line":172,"column":26}},"loc":{"start":{"line":172,"column":46},"end":{"line":190,"column":1}},"line":172},"4":{"name":"getStatusSummary","decl":{"start":{"line":199,"column":15},"end":{"line":199,"column":31}},"loc":{"start":{"line":199,"column":34},"end":{"line":224,"column":1}},"line":199},"5":{"name":"runHeartbeatCheck","decl":{"start":{"line":232,"column":15},"end":{"line":232,"column":32}},"loc":{"start":{"line":232,"column":35},"end":{"line":252,"column":1}},"line":232}},"branchMap":{"0":{"loc":{"start":{"line":30,"column":34},"end":{"line":30,"column":95}},"type":"binary-expr","locations":[{"start":{"line":30,"column":34},"end":{"line":30,"column":90}},{"start":{"line":30,"column":94},"end":{"line":30,"column":95}}],"line":30},"1":{"loc":{"start":{"line":46,"column":34},"end":{"line":46,"column":43}},"type":"default-arg","locations":[{"start":{"line":46,"column":41},"end":{"line":46,"column":43}}],"line":46},"2":{"loc":{"start":{"line":54,"column":2},"end":{"line":56,"column":3}},"type":"if","locations":[{"start":{"line":54,"column":2},"end":{"line":56,"column":3}},{"start":{},"end":{}}],"line":54},"3":{"loc":{"start":{"line":67,"column":4},"end":{"line":67,"column":73}},"type":"cond-expr","locations":[{"start":{"line":67,"column":17},"end":{"line":67,"column":57}},{"start":{"line":67,"column":60},"end":{"line":67,"column":73}}],"line":67},"4":{"loc":{"start":{"line":70,"column":2},"end":{"line":70,"column":26}},"type":"if","locations":[{"start":{"line":70,"column":2},"end":{"line":70,"column":26}},{"start":{},"end":{}}],"line":70},"5":{"loc":{"start":{"line":81,"column":2},"end":{"line":91,"column":3}},"type":"if","locations":[{"start":{"line":81,"column":2},"end":{"line":91,"column":3}},{"start":{},"end":{}}],"line":81},"6":{"loc":{"start":{"line":85,"column":16},"end":{"line":85,"column":35}},"type":"binary-expr","locations":[{"start":{"line":85,"column":16},"end":{"line":85,"column":27}},{"start":{"line":85,"column":31},"end":{"line":85,"column":35}}],"line":85},"7":{"loc":{"start":{"line":87,"column":20},"end":{"line":87,"column":50}},"type":"binary-expr","locations":[{"start":{"line":87,"column":20},"end":{"line":87,"column":31}},{"start":{"line":87,"column":35},"end":{"line":87,"column":50}}],"line":87},"8":{"loc":{"start":{"line":102,"column":35},"end":{"line":102,"column":49}},"type":"default-arg","locations":[{"start":{"line":102,"column":44},"end":{"line":102,"column":49}}],"line":102},"9":{"loc":{"start":{"line":103,"column":2},"end":{"line":103,"column":42}},"type":"if","locations":[{"start":{"line":103,"column":2},"end":{"line":103,"column":42}},{"start":{},"end":{}}],"line":103},"10":{"loc":{"start":{"line":111,"column":16},"end":{"line":111,"column":69}},"type":"cond-expr","locations":[{"start":{"line":111,"column":41},"end":{"line":111,"column":52}},{"start":{"line":111,"column":55},"end":{"line":111,"column":69}}],"line":111},"11":{"loc":{"start":{"line":124,"column":18},"end":{"line":126,"column":30}},"type":"cond-expr","locations":[{"start":{"line":125,"column":6},"end":{"line":125,"column":27}},{"start":{"line":126,"column":6},"end":{"line":126,"column":30}}],"line":124},"12":{"loc":{"start":{"line":127,"column":18},"end":{"line":129,"column":73}},"type":"cond-expr","locations":[{"start":{"line":128,"column":6},"end":{"line":128,"column":88}},{"start":{"line":129,"column":6},"end":{"line":129,"column":73}}],"line":127},"13":{"loc":{"start":{"line":128,"column":10},"end":{"line":128,"column":40}},"type":"binary-expr","locations":[{"start":{"line":128,"column":10},"end":{"line":128,"column":21}},{"start":{"line":128,"column":25},"end":{"line":128,"column":40}}],"line":128},"14":{"loc":{"start":{"line":129,"column":10},"end":{"line":129,"column":40}},"type":"binary-expr","locations":[{"start":{"line":129,"column":10},"end":{"line":129,"column":21}},{"start":{"line":129,"column":25},"end":{"line":129,"column":40}}],"line":129},"15":{"loc":{"start":{"line":134,"column":14},"end":{"line":134,"column":33}},"type":"binary-expr","locations":[{"start":{"line":134,"column":14},"end":{"line":134,"column":25}},{"start":{"line":134,"column":29},"end":{"line":134,"column":33}}],"line":134},"16":{"loc":{"start":{"line":152,"column":2},"end":{"line":152,"column":36}},"type":"if","locations":[{"start":{"line":152,"column":2},"end":{"line":152,"column":36}},{"start":{},"end":{}}],"line":152},"17":{"loc":{"start":{"line":213,"column":4},"end":{"line":220,"column":5}},"type":"if","locations":[{"start":{"line":213,"column":4},"end":{"line":220,"column":5}},{"start":{"line":216,"column":11},"end":{"line":220,"column":5}}],"line":213},"18":{"loc":{"start":{"line":215,"column":6},"end":{"line":215,"column":44}},"type":"if","locations":[{"start":{"line":215,"column":6},"end":{"line":215,"column":44}},{"start":{},"end":{}}],"line":215},"19":{"loc":{"start":{"line":216,"column":11},"end":{"line":220,"column":5}},"type":"if","locations":[{"start":{"line":216,"column":11},"end":{"line":220,"column":5}},{"start":{"line":218,"column":11},"end":{"line":220,"column":5}}],"line":216},"20":{"loc":{"start":{"line":239,"column":4},"end":{"line":241,"column":5}},"type":"if","locations":[{"start":{"line":239,"column":4},"end":{"line":241,"column":5}},{"start":{},"end":{}}],"line":239}},"s":{"0":1,"1":1,"2":1,"3":1,"4":1,"5":0,"6":0,"7":0,"8":0,"9":0,"10":0,"11":0,"12":0,"13":0,"14":0,"15":0,"16":0,"17":0,"18":0,"19":0,"20":0,"21":0,"22":0,"23":0,"24":0,"25":0,"26":0,"27":0,"28":0,"29":0,"30":0,"31":0,"32":0,"33":0,"34":0,"35":0,"36":0,"37":0,"38":0,"39":0,"40":0,"41":0,"42":0,"43":0,"44":0,"45":0,"46":0,"47":0,"48":0,"49":0,"50":0,"51":0,"52":0,"53":1},"f":{"0":0,"1":0,"2":0,"3":0,"4":0,"5":0},"b":{"0":[1,1],"1":[0],"2":[0,0],"3":[0,0],"4":[0,0],"5":[0,0],"6":[0,0],"7":[0,0],"8":[0],"9":[0,0],"10":[0,0],"11":[0,0],"12":[0,0],"13":[0,0],"14":[0,0],"15":[0,0],"16":[0,0],"17":[0,0],"18":[0,0],"19":[0,0],"20":[0,0]},"_coverageSchema":"1a1c01bbd47fc00a2c39e90264f33305004495a9","hash":"a18ccc2ccce124613c08cb28e3b7a2f186d33e5c"}
,"F:\\1MERNProjects\\copiestogithub\\cropsensegit\\backend\\services\\irrigationExecutionManager.js": {"path":"F:\\1MERNProjects\\copiestogithub\\cropsensegit\\backend\\services\\irrigationExecutionManager.js","statementMap":{"0":{"start":{"line":3,"column":28},"end":{"line":3,"column":68}},"1":{"start":{"line":4,"column":15},"end":{"line":4,"column":42}},"2":{"start":{"line":5,"column":19},"end":{"line":5,"column":50}},"3":{"start":{"line":6,"column":20},"end":{"line":6,"column":52}},"4":{"start":{"line":7,"column":21},"end":{"line":7,"column":54}},"5":{"start":{"line":8,"column":25},"end":{"line":8,"column":52}},"6":{"start":{"line":9,"column":30},"end":{"line":9,"column":54}},"7":{"start":{"line":10,"column":23},"end":{"line":10,"column":49}},"8":{"start":{"line":11,"column":13},"end":{"line":11,"column":38}},"9":{"start":{"line":13,"column":33},"end":{"line":13,"column":42}},"10":{"start":{"line":14,"column":33},"end":{"line":14,"column":47}},"11":{"start":{"line":15,"column":33},"end":{"line":15,"column":107}},"12":{"start":{"line":16,"column":33},"end":{"line":16,"column":107}},"13":{"start":{"line":17,"column":33},"end":{"line":17,"column":110}},"14":{"start":{"line":18,"column":33},"end":{"line":18,"column":105}},"15":{"start":{"line":19,"column":33},"end":{"line":19,"column":104}},"16":{"start":{"line":20,"column":33},"end":{"line":20,"column":105}},"17":{"start":{"line":21,"column":33},"end":{"line":21,"column":54}},"18":{"start":{"line":24,"column":24},"end":{"line":33,"column":1}},"19":{"start":{"line":35,"column":21},"end":{"line":35,"column":25}},"20":{"start":{"line":36,"column":14},"end":{"line":36,"column":19}},"21":{"start":{"line":43,"column":2},"end":{"line":43,"column":29}},"22":{"start":{"line":43,"column":22},"end":{"line":43,"column":29}},"23":{"start":{"line":44,"column":2},"end":{"line":44,"column":82}},"24":{"start":{"line":45,"column":2},"end":{"line":45,"column":70}},"25":{"start":{"line":46,"column":2},"end":{"line":46,"column":51}},"26":{"start":{"line":46,"column":28},"end":{"line":46,"column":51}},"27":{"start":{"line":47,"column":2},"end":{"line":47,"column":23}},"28":{"start":{"line":51,"column":2},"end":{"line":51,"column":30}},"29":{"start":{"line":51,"column":23},"end":{"line":51,"column":30}},"30":{"start":{"line":52,"column":2},"end":{"line":52,"column":32}},"31":{"start":{"line":53,"column":2},"end":{"line":53,"column":24}},"32":{"start":{"line":54,"column":2},"end":{"line":54,"column":54}},"33":{"start":{"line":62,"column":2},"end":{"line":62,"column":22}},"34":{"start":{"line":62,"column":15},"end":{"line":62,"column":22}},"35":{"start":{"line":63,"column":2},"end":{"line":63,"column":17}},"36":{"start":{"line":64,"column":2},"end":{"line":83,"column":3}},"37":{"start":{"line":65,"column":4},"end":{"line":65,"column":38}},"38":{"start":{"line":67,"column":23},"end":{"line":70,"column":13}},"39":{"start":{"line":72,"column":4},"end":{"line":78,"column":5}},"40":{"start":{"line":73,"column":6},"end":{"line":77,"column":7}},"41":{"start":{"line":74,"column":8},"end":{"line":74,"column":42}},"42":{"start":{"line":76,"column":8},"end":{"line":76,"column":85}},"43":{"start":{"line":80,"column":4},"end":{"line":80,"column":74}},"44":{"start":{"line":82,"column":4},"end":{"line":82,"column":20}},"45":{"start":{"line":91,"column":19},"end":{"line":91,"column":40}},"46":{"start":{"line":92,"column":19},"end":{"line":92,"column":49}},"47":{"start":{"line":93,"column":19},"end":{"line":93,"column":38}},"48":{"start":{"line":95,"column":27},"end":{"line":95,"column":91}},"49":{"start":{"line":96,"column":27},"end":{"line":96,"column":98}},"50":{"start":{"line":97,"column":28},"end":{"line":97,"column":77}},"51":{"start":{"line":99,"column":2},"end":{"line":99,"column":55}},"52":{"start":{"line":99,"column":43},"end":{"line":99,"column":55}},"53":{"start":{"line":101,"column":2},"end":{"line":130,"column":4}},"54":{"start":{"line":138,"column":18},"end":{"line":138,"column":28}},"55":{"start":{"line":139,"column":18},"end":{"line":139,"column":47}},"56":{"start":{"line":140,"column":18},"end":{"line":140,"column":76}},"57":{"start":{"line":143,"column":2},"end":{"line":146,"column":3}},"58":{"start":{"line":144,"column":4},"end":{"line":144,"column":81}},"59":{"start":{"line":145,"column":4},"end":{"line":145,"column":11}},"60":{"start":{"line":149,"column":2},"end":{"line":152,"column":3}},"61":{"start":{"line":150,"column":4},"end":{"line":150,"column":66}},"62":{"start":{"line":151,"column":4},"end":{"line":151,"column":11}},"63":{"start":{"line":155,"column":2},"end":{"line":158,"column":3}},"64":{"start":{"line":156,"column":21},"end":{"line":156,"column":73}},"65":{"start":{"line":157,"column":4},"end":{"line":157,"column":26}},"66":{"start":{"line":157,"column":19},"end":{"line":157,"column":26}},"67":{"start":{"line":162,"column":2},"end":{"line":172,"column":3}},"68":{"start":{"line":163,"column":17},"end":{"line":163,"column":83}},"69":{"start":{"line":164,"column":4},"end":{"line":171,"column":5}},"70":{"start":{"line":165,"column":6},"end":{"line":165,"column":110}},"71":{"start":{"line":166,"column":6},"end":{"line":169,"column":8}},"72":{"start":{"line":170,"column":6},"end":{"line":170,"column":13}},"73":{"start":{"line":174,"column":24},"end":{"line":174,"column":72}},"74":{"start":{"line":175,"column":2},"end":{"line":178,"column":3}},"75":{"start":{"line":176,"column":4},"end":{"line":176,"column":60}},"76":{"start":{"line":177,"column":4},"end":{"line":177,"column":11}},"77":{"start":{"line":180,"column":2},"end":{"line":185,"column":4}},"78":{"start":{"line":193,"column":23},"end":{"line":193,"column":70}},"79":{"start":{"line":194,"column":2},"end":{"line":197,"column":3}},"80":{"start":{"line":195,"column":4},"end":{"line":195,"column":86}},"81":{"start":{"line":196,"column":4},"end":{"line":196,"column":11}},"82":{"start":{"line":199,"column":2},"end":{"line":211,"column":3}},"83":{"start":{"line":200,"column":20},"end":{"line":200,"column":109}},"84":{"start":{"line":201,"column":4},"end":{"line":208,"column":5}},"85":{"start":{"line":202,"column":6},"end":{"line":202,"column":70}},"86":{"start":{"line":203,"column":6},"end":{"line":206,"column":8}},"87":{"start":{"line":207,"column":6},"end":{"line":207,"column":13}},"88":{"start":{"line":209,"column":4},"end":{"line":209,"column":81}},"89":{"start":{"line":210,"column":4},"end":{"line":210,"column":11}},"90":{"start":{"line":213,"column":23},"end":{"line":213,"column":112}},"91":{"start":{"line":214,"column":2},"end":{"line":221,"column":3}},"92":{"start":{"line":215,"column":4},"end":{"line":215,"column":68}},"93":{"start":{"line":216,"column":4},"end":{"line":219,"column":6}},"94":{"start":{"line":220,"column":4},"end":{"line":220,"column":11}},"95":{"start":{"line":223,"column":2},"end":{"line":223,"column":79}},"96":{"start":{"line":231,"column":2},"end":{"line":237,"column":3}},"97":{"start":{"line":232,"column":4},"end":{"line":236,"column":7}},"98":{"start":{"line":239,"column":18},"end":{"line":244,"column":3}},"99":{"start":{"line":246,"column":2},"end":{"line":261,"column":4}},"100":{"start":{"line":263,"column":2},"end":{"line":267,"column":5}},"101":{"start":{"line":275,"column":14},"end":{"line":275,"column":24}},"102":{"start":{"line":276,"column":16},"end":{"line":276,"column":20}},"103":{"start":{"line":277,"column":2},"end":{"line":279,"column":3}},"104":{"start":{"line":278,"column":4},"end":{"line":278,"column":78}},"105":{"start":{"line":281,"column":25},"end":{"line":283,"column":7}},"106":{"start":{"line":285,"column":2},"end":{"line":300,"column":4}},"107":{"start":{"line":302,"column":24},"end":{"line":308,"column":3}},"108":{"start":{"line":310,"column":2},"end":{"line":314,"column":5}},"109":{"start":{"line":322,"column":20},"end":{"line":326,"column":11}},"110":{"start":{"line":328,"column":2},"end":{"line":328,"column":76}},"111":{"start":{"line":328,"column":18},"end":{"line":328,"column":76}},"112":{"start":{"line":330,"column":18},"end":{"line":330,"column":47}},"113":{"start":{"line":331,"column":2},"end":{"line":331,"column":70}},"114":{"start":{"line":332,"column":2},"end":{"line":332,"column":58}},"115":{"start":{"line":340,"column":20},"end":{"line":340,"column":86}},"116":{"start":{"line":341,"column":2},"end":{"line":348,"column":3}},"117":{"start":{"line":342,"column":4},"end":{"line":346,"column":6}},"118":{"start":{"line":347,"column":4},"end":{"line":347,"column":17}},"119":{"start":{"line":350,"column":23},"end":{"line":350,"column":52}},"120":{"start":{"line":351,"column":2},"end":{"line":362,"column":3}},"121":{"start":{"line":352,"column":4},"end":{"line":355,"column":6}},"122":{"start":{"line":356,"column":4},"end":{"line":360,"column":7}},"123":{"start":{"line":361,"column":4},"end":{"line":361,"column":17}},"124":{"start":{"line":364,"column":2},"end":{"line":375,"column":4}},"125":{"start":{"line":376,"column":2},"end":{"line":380,"column":5}},"126":{"start":{"line":381,"column":2},"end":{"line":381,"column":14}},"127":{"start":{"line":389,"column":18},"end":{"line":389,"column":80}},"128":{"start":{"line":391,"column":2},"end":{"line":394,"column":3}},"129":{"start":{"line":392,"column":4},"end":{"line":392,"column":42}},"130":{"start":{"line":393,"column":4},"end":{"line":393,"column":75}},"131":{"start":{"line":396,"column":2},"end":{"line":396,"column":81}},"132":{"start":{"line":398,"column":2},"end":{"line":404,"column":3}},"133":{"start":{"line":399,"column":4},"end":{"line":403,"column":7}},"134":{"start":{"line":417,"column":2},"end":{"line":419,"column":3}},"135":{"start":{"line":418,"column":4},"end":{"line":418,"column":109}},"136":{"start":{"line":425,"column":2},"end":{"line":432,"column":3}},"137":{"start":{"line":426,"column":4},"end":{"line":431,"column":6}},"138":{"start":{"line":436,"column":2},"end":{"line":443,"column":3}},"139":{"start":{"line":437,"column":4},"end":{"line":442,"column":6}},"140":{"start":{"line":447,"column":2},"end":{"line":453,"column":3}},"141":{"start":{"line":448,"column":4},"end":{"line":452,"column":6}},"142":{"start":{"line":456,"column":2},"end":{"line":458,"column":3}},"143":{"start":{"line":457,"column":4},"end":{"line":457,"column":85}},"144":{"start":{"line":459,"column":2},"end":{"line":461,"column":3}},"145":{"start":{"line":460,"column":4},"end":{"line":460,"column":92}},"146":{"start":{"line":464,"column":2},"end":{"line":466,"column":3}},"147":{"start":{"line":465,"column":4},"end":{"line":465,"column":83}},"148":{"start":{"line":469,"column":2},"end":{"line":475,"column":3}},"149":{"start":{"line":470,"column":4},"end":{"line":474,"column":6}},"150":{"start":{"line":477,"column":2},"end":{"line":477,"column":22}},"151":{"start":{"line":486,"column":2},"end":{"line":488,"column":3}},"152":{"start":{"line":487,"column":4},"end":{"line":487,"column":83}},"153":{"start":{"line":489,"column":2},"end":{"line":491,"column":3}},"154":{"start":{"line":490,"column":4},"end":{"line":490,"column":81}},"155":{"start":{"line":492,"column":2},"end":{"line":494,"column":3}},"156":{"start":{"line":493,"column":4},"end":{"line":493,"column":67}},"157":{"start":{"line":495,"column":2},"end":{"line":497,"column":3}},"158":{"start":{"line":496,"column":4},"end":{"line":496,"column":69}},"159":{"start":{"line":498,"column":2},"end":{"line":500,"column":3}},"160":{"start":{"line":499,"column":4},"end":{"line":499,"column":78}},"161":{"start":{"line":502,"column":2},"end":{"line":504,"column":3}},"162":{"start":{"line":503,"column":4},"end":{"line":503,"column":85}},"163":{"start":{"line":505,"column":2},"end":{"line":507,"column":3}},"164":{"start":{"line":506,"column":4},"end":{"line":506,"column":70}},"165":{"start":{"line":508,"column":2},"end":{"line":513,"column":3}},"166":{"start":{"line":512,"column":4},"end":{"line":512,"column":70}},"167":{"start":{"line":514,"column":2},"end":{"line":514,"column":25}},"168":{"start":{"line":523,"column":26},"end":{"line":523,"column":72}},"169":{"start":{"line":524,"column":26},"end":{"line":524,"column":112}},"170":{"start":{"line":525,"column":26},"end":{"line":525,"column":66}},"171":{"start":{"line":527,"column":21},"end":{"line":527,"column":44}},"172":{"start":{"line":528,"column":21},"end":{"line":528,"column":62}},"173":{"start":{"line":529,"column":21},"end":{"line":529,"column":45}},"174":{"start":{"line":530,"column":22},"end":{"line":530,"column":58}},"175":{"start":{"line":531,"column":23},"end":{"line":531,"column":58}},"176":{"start":{"line":537,"column":4},"end":{"line":539,"column":40}},"177":{"start":{"line":541,"column":2},"end":{"line":559,"column":4}},"178":{"start":{"line":571,"column":18},"end":{"line":573,"column":11}},"179":{"start":{"line":575,"column":2},"end":{"line":638,"column":3}},"180":{"start":{"line":576,"column":19},"end":{"line":576,"column":99}},"181":{"start":{"line":577,"column":4},"end":{"line":577,"column":26}},"182":{"start":{"line":577,"column":17},"end":{"line":577,"column":26}},"183":{"start":{"line":580,"column":17},"end":{"line":580,"column":80}},"184":{"start":{"line":581,"column":4},"end":{"line":581,"column":39}},"185":{"start":{"line":581,"column":30},"end":{"line":581,"column":39}},"186":{"start":{"line":584,"column":19},"end":{"line":587,"column":6}},"187":{"start":{"line":588,"column":4},"end":{"line":588,"column":25}},"188":{"start":{"line":588,"column":16},"end":{"line":588,"column":25}},"189":{"start":{"line":590,"column":27},"end":{"line":595,"column":13}},"190":{"start":{"line":596,"column":4},"end":{"line":596,"column":53}},"191":{"start":{"line":596,"column":44},"end":{"line":596,"column":53}},"192":{"start":{"line":599,"column":4},"end":{"line":602,"column":5}},"193":{"start":{"line":600,"column":6},"end":{"line":600,"column":109}},"194":{"start":{"line":601,"column":6},"end":{"line":601,"column":15}},"195":{"start":{"line":604,"column":21},"end":{"line":604,"column":44}},"196":{"start":{"line":607,"column":4},"end":{"line":607,"column":44}},"197":{"start":{"line":607,"column":35},"end":{"line":607,"column":44}},"198":{"start":{"line":609,"column":20},"end":{"line":609,"column":91}},"199":{"start":{"line":610,"column":4},"end":{"line":610,"column":45}},"200":{"start":{"line":610,"column":36},"end":{"line":610,"column":45}},"201":{"start":{"line":612,"column":4},"end":{"line":631,"column":7}},"202":{"start":{"line":633,"column":4},"end":{"line":637,"column":6}},"203":{"start":{"line":646,"column":16},"end":{"line":646,"column":58}},"204":{"start":{"line":647,"column":22},"end":{"line":651,"column":4}},"205":{"start":{"line":652,"column":2},"end":{"line":652,"column":30}},"206":{"start":{"line":660,"column":22},"end":{"line":660,"column":98}},"207":{"start":{"line":661,"column":2},"end":{"line":661,"column":50}},"208":{"start":{"line":661,"column":38},"end":{"line":661,"column":50}},"209":{"start":{"line":662,"column":16},"end":{"line":662,"column":53}},"210":{"start":{"line":663,"column":2},"end":{"line":665,"column":12}},"211":{"start":{"line":664,"column":13},"end":{"line":664,"column":68}},"212":{"start":{"line":673,"column":2},"end":{"line":673,"column":27}},"213":{"start":{"line":673,"column":15},"end":{"line":673,"column":27}},"214":{"start":{"line":674,"column":2},"end":{"line":681,"column":5}},"215":{"start":{"line":689,"column":18},"end":{"line":693,"column":10}},"216":{"start":{"line":694,"column":2},"end":{"line":694,"column":23}},"217":{"start":{"line":694,"column":16},"end":{"line":694,"column":23}},"218":{"start":{"line":696,"column":23},"end":{"line":705,"column":4}},"219":{"start":{"line":707,"column":2},"end":{"line":707,"column":70}},"220":{"start":{"line":708,"column":2},"end":{"line":713,"column":5}},"221":{"start":{"line":721,"column":18},"end":{"line":721,"column":48}},"222":{"start":{"line":722,"column":18},"end":{"line":722,"column":79}},"223":{"start":{"line":722,"column":38},"end":{"line":722,"column":63}},"224":{"start":{"line":723,"column":18},"end":{"line":723,"column":79}},"225":{"start":{"line":723,"column":38},"end":{"line":723,"column":63}},"226":{"start":{"line":724,"column":18},"end":{"line":724,"column":79}},"227":{"start":{"line":724,"column":38},"end":{"line":724,"column":63}},"228":{"start":{"line":725,"column":18},"end":{"line":725,"column":87}},"229":{"start":{"line":725,"column":37},"end":{"line":725,"column":52}},"230":{"start":{"line":725,"column":68},"end":{"line":725,"column":86}},"231":{"start":{"line":727,"column":2},"end":{"line":736,"column":4}},"232":{"start":{"line":733,"column":34},"end":{"line":733,"column":39}},"233":{"start":{"line":740,"column":17},"end":{"line":742,"column":3}},"234":{"start":{"line":741,"column":4},"end":{"line":741,"column":22}},"235":{"start":{"line":743,"column":2},"end":{"line":743,"column":40}},"236":{"start":{"line":743,"column":27},"end":{"line":743,"column":40}},"237":{"start":{"line":744,"column":2},"end":{"line":744,"column":49}},"238":{"start":{"line":744,"column":29},"end":{"line":744,"column":47}},"239":{"start":{"line":752,"column":17},"end":{"line":752,"column":30}},"240":{"start":{"line":753,"column":2},"end":{"line":753,"column":48}},"241":{"start":{"line":753,"column":32},"end":{"line":753,"column":48}},"242":{"start":{"line":754,"column":2},"end":{"line":754,"column":39}},"243":{"start":{"line":754,"column":19},"end":{"line":754,"column":39}},"244":{"start":{"line":755,"column":2},"end":{"line":755,"column":44}},"245":{"start":{"line":759,"column":2},"end":{"line":759,"column":42}},"246":{"start":{"line":759,"column":30},"end":{"line":759,"column":42}},"247":{"start":{"line":760,"column":15},"end":{"line":760,"column":53}},"248":{"start":{"line":761,"column":2},"end":{"line":761,"column":52}},"249":{"start":{"line":771,"column":2},"end":{"line":862,"column":3}},"250":{"start":{"line":773,"column":20},"end":{"line":775,"column":13}},"251":{"start":{"line":777,"column":4},"end":{"line":857,"column":5}},"252":{"start":{"line":778,"column":21},"end":{"line":781,"column":8}},"253":{"start":{"line":782,"column":6},"end":{"line":782,"column":27}},"254":{"start":{"line":782,"column":18},"end":{"line":782,"column":27}},"255":{"start":{"line":784,"column":21},"end":{"line":786,"column":15}},"256":{"start":{"line":787,"column":6},"end":{"line":787,"column":28}},"257":{"start":{"line":787,"column":19},"end":{"line":787,"column":28}},"258":{"start":{"line":790,"column":30},"end":{"line":790,"column":34}},"259":{"start":{"line":791,"column":26},"end":{"line":791,"column":30}},"260":{"start":{"line":792,"column":28},"end":{"line":792,"column":32}},"261":{"start":{"line":793,"column":35},"end":{"line":793,"column":39}},"262":{"start":{"line":795,"column":29},"end":{"line":800,"column":15}},"263":{"start":{"line":802,"column":6},"end":{"line":811,"column":7}},"264":{"start":{"line":803,"column":8},"end":{"line":803,"column":66}},"265":{"start":{"line":804,"column":8},"end":{"line":804,"column":62}},"266":{"start":{"line":805,"column":8},"end":{"line":805,"column":64}},"267":{"start":{"line":806,"column":8},"end":{"line":806,"column":71}},"268":{"start":{"line":808,"column":28},"end":{"line":808,"column":90}},"269":{"start":{"line":809,"column":8},"end":{"line":809,"column":58}},"270":{"start":{"line":810,"column":8},"end":{"line":810,"column":46}},"271":{"start":{"line":814,"column":6},"end":{"line":817,"column":7}},"272":{"start":{"line":815,"column":8},"end":{"line":815,"column":120}},"273":{"start":{"line":816,"column":8},"end":{"line":816,"column":17}},"274":{"start":{"line":819,"column":23},"end":{"line":819,"column":46}},"275":{"start":{"line":820,"column":23},"end":{"line":820,"column":79}},"276":{"start":{"line":824,"column":30},"end":{"line":824,"column":46}},"277":{"start":{"line":825,"column":6},"end":{"line":828,"column":7}},"278":{"start":{"line":826,"column":8},"end":{"line":826,"column":116}},"279":{"start":{"line":827,"column":8},"end":{"line":827,"column":17}},"280":{"start":{"line":829,"column":6},"end":{"line":829,"column":46}},"281":{"start":{"line":829,"column":37},"end":{"line":829,"column":46}},"282":{"start":{"line":831,"column":6},"end":{"line":850,"column":9}},"283":{"start":{"line":852,"column":6},"end":{"line":856,"column":8}},"284":{"start":{"line":859,"column":4},"end":{"line":859,"column":31}},"285":{"start":{"line":861,"column":4},"end":{"line":861,"column":76}},"286":{"start":{"line":869,"column":0},"end":{"line":878,"column":2}}},"fnMap":{"0":{"name":"startIrrigationExecutionManager","decl":{"start":{"line":42,"column":9},"end":{"line":42,"column":40}},"loc":{"start":{"line":42,"column":43},"end":{"line":48,"column":1}},"line":42},"1":{"name":"stopIrrigationExecutionManager","decl":{"start":{"line":50,"column":9},"end":{"line":50,"column":39}},"loc":{"start":{"line":50,"column":42},"end":{"line":55,"column":1}},"line":50},"2":{"name":"runExecutionChecks","decl":{"start":{"line":61,"column":15},"end":{"line":61,"column":33}},"loc":{"start":{"line":61,"column":36},"end":{"line":84,"column":1}},"line":61},"3":{"name":"createExecutionFromRecommendation","decl":{"start":{"line":90,"column":15},"end":{"line":90,"column":48}},"loc":{"start":{"line":90,"column":75},"end":{"line":131,"column":1}},"line":90},"4":{"name":"processExecution","decl":{"start":{"line":137,"column":15},"end":{"line":137,"column":31}},"loc":{"start":{"line":137,"column":43},"end":{"line":186,"column":1}},"line":137},"5":{"name":"continueActiveExecution","decl":{"start":{"line":192,"column":15},"end":{"line":192,"column":38}},"loc":{"start":{"line":192,"column":71},"end":{"line":224,"column":1}},"line":192},"6":{"name":"startExecution","decl":{"start":{"line":230,"column":15},"end":{"line":230,"column":29}},"loc":{"start":{"line":230,"column":74},"end":{"line":268,"column":1}},"line":230},"7":{"name":"stopExecution","decl":{"start":{"line":274,"column":15},"end":{"line":274,"column":28}},"loc":{"start":{"line":274,"column":65},"end":{"line":315,"column":1}},"line":274},"8":{"name":"manualStopExecution","decl":{"start":{"line":321,"column":15},"end":{"line":321,"column":34}},"loc":{"start":{"line":321,"column":56},"end":{"line":333,"column":1}},"line":321},"9":{"name":"handleRainHold","decl":{"start":{"line":339,"column":15},"end":{"line":339,"column":29}},"loc":{"start":{"line":339,"column":62},"end":{"line":382,"column":1}},"line":339},"10":{"name":"setWaitingStatus","decl":{"start":{"line":388,"column":15},"end":{"line":388,"column":31}},"loc":{"start":{"line":388,"column":60},"end":{"line":405,"column":1}},"line":388},"11":{"name":"evaluateStartConditions","decl":{"start":{"line":415,"column":9},"end":{"line":415,"column":32}},"loc":{"start":{"line":415,"column":53},"end":{"line":478,"column":1}},"line":415},"12":{"name":"evaluateStopConditions","decl":{"start":{"line":485,"column":9},"end":{"line":485,"column":31}},"loc":{"start":{"line":485,"column":57},"end":{"line":515,"column":1}},"line":485},"13":{"name":"buildContext","decl":{"start":{"line":522,"column":15},"end":{"line":522,"column":27}},"loc":{"start":{"line":522,"column":39},"end":{"line":560,"column":1}},"line":522},"14":{"name":"createEmergencyExecutions","decl":{"start":{"line":568,"column":15},"end":{"line":568,"column":40}},"loc":{"start":{"line":568,"column":43},"end":{"line":639,"column":1}},"line":568},"15":{"name":"didRainOccur","decl":{"start":{"line":645,"column":15},"end":{"line":645,"column":27}},"loc":{"start":{"line":645,"column":39},"end":{"line":653,"column":1}},"line":645},"16":{"name":"getCurrentForecast","decl":{"start":{"line":659,"column":15},"end":{"line":659,"column":33}},"loc":{"start":{"line":659,"column":42},"end":{"line":666,"column":1}},"line":659},"17":{"name":"(anonymous_17)","decl":{"start":{"line":664,"column":4},"end":{"line":664,"column":5}},"loc":{"start":{"line":664,"column":13},"end":{"line":664,"column":68}},"line":664},"18":{"name":"sendPumpCommand","decl":{"start":{"line":672,"column":15},"end":{"line":672,"column":30}},"loc":{"start":{"line":672,"column":65},"end":{"line":682,"column":1}},"line":672},"19":{"name":"notifyOnce","decl":{"start":{"line":688,"column":15},"end":{"line":688,"column":25}},"loc":{"start":{"line":688,"column":81},"end":{"line":714,"column":1}},"line":688},"20":{"name":"extractMoisture","decl":{"start":{"line":720,"column":9},"end":{"line":720,"column":24}},"loc":{"start":{"line":720,"column":34},"end":{"line":737,"column":1}},"line":720},"21":{"name":"(anonymous_21)","decl":{"start":{"line":722,"column":31},"end":{"line":722,"column":32}},"loc":{"start":{"line":722,"column":38},"end":{"line":722,"column":63}},"line":722},"22":{"name":"(anonymous_22)","decl":{"start":{"line":723,"column":31},"end":{"line":723,"column":32}},"loc":{"start":{"line":723,"column":38},"end":{"line":723,"column":63}},"line":723},"23":{"name":"(anonymous_23)","decl":{"start":{"line":724,"column":31},"end":{"line":724,"column":32}},"loc":{"start":{"line":724,"column":38},"end":{"line":724,"column":63}},"line":724},"24":{"name":"(anonymous_24)","decl":{"start":{"line":725,"column":30},"end":{"line":725,"column":31}},"loc":{"start":{"line":725,"column":37},"end":{"line":725,"column":52}},"line":725},"25":{"name":"(anonymous_25)","decl":{"start":{"line":725,"column":61},"end":{"line":725,"column":62}},"loc":{"start":{"line":725,"column":68},"end":{"line":725,"column":86}},"line":725},"26":{"name":"(anonymous_26)","decl":{"start":{"line":733,"column":24},"end":{"line":733,"column":25}},"loc":{"start":{"line":733,"column":34},"end":{"line":733,"column":39}},"line":733},"27":{"name":"moistureReached","decl":{"start":{"line":739,"column":9},"end":{"line":739,"column":24}},"loc":{"start":{"line":739,"column":50},"end":{"line":745,"column":1}},"line":739},"28":{"name":"(anonymous_28)","decl":{"start":{"line":740,"column":79},"end":{"line":740,"column":80}},"loc":{"start":{"line":741,"column":4},"end":{"line":741,"column":22}},"line":741},"29":{"name":"(anonymous_29)","decl":{"start":{"line":744,"column":22},"end":{"line":744,"column":23}},"loc":{"start":{"line":744,"column":29},"end":{"line":744,"column":47}},"line":744},"30":{"name":"normalizePercent","decl":{"start":{"line":751,"column":9},"end":{"line":751,"column":25}},"loc":{"start":{"line":751,"column":43},"end":{"line":756,"column":1}},"line":751},"31":{"name":"buildScheduledAt","decl":{"start":{"line":758,"column":9},"end":{"line":758,"column":25}},"loc":{"start":{"line":758,"column":46},"end":{"line":762,"column":1}},"line":758},"32":{"name":"triggerEmergencyCheckForFarm","decl":{"start":{"line":770,"column":15},"end":{"line":770,"column":43}},"loc":{"start":{"line":770,"column":52},"end":{"line":863,"column":1}},"line":770}},"branchMap":{"0":{"loc":{"start":{"line":15,"column":34},"end":{"line":15,"column":92}},"type":"binary-expr","locations":[{"start":{"line":15,"column":34},"end":{"line":15,"column":87}},{"start":{"line":15,"column":91},"end":{"line":15,"column":92}}],"line":15},"1":{"loc":{"start":{"line":16,"column":34},"end":{"line":16,"column":92}},"type":"binary-expr","locations":[{"start":{"line":16,"column":34},"end":{"line":16,"column":87}},{"start":{"line":16,"column":91},"end":{"line":16,"column":92}}],"line":16},"2":{"loc":{"start":{"line":17,"column":34},"end":{"line":17,"column":97}},"type":"binary-expr","locations":[{"start":{"line":17,"column":34},"end":{"line":17,"column":90}},{"start":{"line":17,"column":94},"end":{"line":17,"column":97}}],"line":17},"3":{"loc":{"start":{"line":18,"column":44},"end":{"line":18,"column":104}},"type":"binary-expr","locations":[{"start":{"line":18,"column":44},"end":{"line":18,"column":94}},{"start":{"line":18,"column":100},"end":{"line":18,"column":104}}],"line":18},"4":{"loc":{"start":{"line":19,"column":44},"end":{"line":19,"column":103}},"type":"binary-expr","locations":[{"start":{"line":19,"column":44},"end":{"line":19,"column":94}},{"start":{"line":19,"column":100},"end":{"line":19,"column":103}}],"line":19},"5":{"loc":{"start":{"line":20,"column":44},"end":{"line":20,"column":104}},"type":"binary-expr","locations":[{"start":{"line":20,"column":44},"end":{"line":20,"column":91}},{"start":{"line":20,"column":100},"end":{"line":20,"column":104}}],"line":20},"6":{"loc":{"start":{"line":43,"column":2},"end":{"line":43,"column":29}},"type":"if","locations":[{"start":{"line":43,"column":2},"end":{"line":43,"column":29}},{"start":{},"end":{}}],"line":43},"7":{"loc":{"start":{"line":46,"column":2},"end":{"line":46,"column":51}},"type":"if","locations":[{"start":{"line":46,"column":2},"end":{"line":46,"column":51}},{"start":{},"end":{}}],"line":46},"8":{"loc":{"start":{"line":51,"column":2},"end":{"line":51,"column":30}},"type":"if","locations":[{"start":{"line":51,"column":2},"end":{"line":51,"column":30}},{"start":{},"end":{}}],"line":51},"9":{"loc":{"start":{"line":62,"column":2},"end":{"line":62,"column":22}},"type":"if","locations":[{"start":{"line":62,"column":2},"end":{"line":62,"column":22}},{"start":{},"end":{}}],"line":62},"10":{"loc":{"start":{"line":91,"column":19},"end":{"line":91,"column":40}},"type":"binary-expr","locations":[{"start":{"line":91,"column":19},"end":{"line":91,"column":34}},{"start":{"line":91,"column":38},"end":{"line":91,"column":40}}],"line":91},"11":{"loc":{"start":{"line":92,"column":19},"end":{"line":92,"column":49}},"type":"binary-expr","locations":[{"start":{"line":92,"column":19},"end":{"line":92,"column":43}},{"start":{"line":92,"column":47},"end":{"line":92,"column":49}}],"line":92},"12":{"loc":{"start":{"line":93,"column":19},"end":{"line":93,"column":38}},"type":"binary-expr","locations":[{"start":{"line":93,"column":19},"end":{"line":93,"column":32}},{"start":{"line":93,"column":36},"end":{"line":93,"column":38}}],"line":93},"13":{"loc":{"start":{"line":96,"column":44},"end":{"line":96,"column":93}},"type":"binary-expr","locations":[{"start":{"line":96,"column":44},"end":{"line":96,"column":64}},{"start":{"line":96,"column":68},"end":{"line":96,"column":93}}],"line":96},"14":{"loc":{"start":{"line":99,"column":2},"end":{"line":99,"column":55}},"type":"if","locations":[{"start":{"line":99,"column":2},"end":{"line":99,"column":55}},{"start":{},"end":{}}],"line":99},"15":{"loc":{"start":{"line":99,"column":6},"end":{"line":99,"column":41}},"type":"binary-expr","locations":[{"start":{"line":99,"column":6},"end":{"line":99,"column":18}},{"start":{"line":99,"column":22},"end":{"line":99,"column":41}}],"line":99},"16":{"loc":{"start":{"line":115,"column":24},"end":{"line":115,"column":107}},"type":"cond-expr","locations":[{"start":{"line":115,"column":49},"end":{"line":115,"column":100}},{"start":{"line":115,"column":103},"end":{"line":115,"column":107}}],"line":115},"17":{"loc":{"start":{"line":116,"column":24},"end":{"line":116,"column":54}},"type":"binary-expr","locations":[{"start":{"line":116,"column":24},"end":{"line":116,"column":46}},{"start":{"line":116,"column":50},"end":{"line":116,"column":54}}],"line":116},"18":{"loc":{"start":{"line":119,"column":24},"end":{"line":119,"column":111}},"type":"cond-expr","locations":[{"start":{"line":119,"column":51},"end":{"line":119,"column":104}},{"start":{"line":119,"column":107},"end":{"line":119,"column":111}}],"line":119},"19":{"loc":{"start":{"line":122,"column":25},"end":{"line":122,"column":55}},"type":"binary-expr","locations":[{"start":{"line":122,"column":25},"end":{"line":122,"column":47}},{"start":{"line":122,"column":51},"end":{"line":122,"column":55}}],"line":122},"20":{"loc":{"start":{"line":123,"column":16},"end":{"line":123,"column":68}},"type":"cond-expr","locations":[{"start":{"line":123,"column":37},"end":{"line":123,"column":56}},{"start":{"line":123,"column":59},"end":{"line":123,"column":68}}],"line":123},"21":{"loc":{"start":{"line":124,"column":16},"end":{"line":124,"column":86}},"type":"cond-expr","locations":[{"start":{"line":124,"column":37},"end":{"line":124,"column":55}},{"start":{"line":124,"column":58},"end":{"line":124,"column":86}}],"line":124},"22":{"loc":{"start":{"line":143,"column":2},"end":{"line":146,"column":3}},"type":"if","locations":[{"start":{"line":143,"column":2},"end":{"line":146,"column":3}},{"start":{},"end":{}}],"line":143},"23":{"loc":{"start":{"line":143,"column":6},"end":{"line":143,"column":92}},"type":"binary-expr","locations":[{"start":{"line":143,"column":6},"end":{"line":143,"column":26}},{"start":{"line":143,"column":30},"end":{"line":143,"column":51}},{"start":{"line":143,"column":55},"end":{"line":143,"column":92}}],"line":143},"24":{"loc":{"start":{"line":149,"column":2},"end":{"line":152,"column":3}},"type":"if","locations":[{"start":{"line":149,"column":2},"end":{"line":152,"column":3}},{"start":{},"end":{}}],"line":149},"25":{"loc":{"start":{"line":155,"column":2},"end":{"line":158,"column":3}},"type":"if","locations":[{"start":{"line":155,"column":2},"end":{"line":158,"column":3}},{"start":{},"end":{}}],"line":155},"26":{"loc":{"start":{"line":155,"column":6},"end":{"line":155,"column":48}},"type":"binary-expr","locations":[{"start":{"line":155,"column":6},"end":{"line":155,"column":26}},{"start":{"line":155,"column":30},"end":{"line":155,"column":48}}],"line":155},"27":{"loc":{"start":{"line":157,"column":4},"end":{"line":157,"column":26}},"type":"if","locations":[{"start":{"line":157,"column":4},"end":{"line":157,"column":26}},{"start":{},"end":{}}],"line":157},"28":{"loc":{"start":{"line":162,"column":2},"end":{"line":172,"column":3}},"type":"if","locations":[{"start":{"line":162,"column":2},"end":{"line":172,"column":3}},{"start":{},"end":{}}],"line":162},"29":{"loc":{"start":{"line":164,"column":4},"end":{"line":171,"column":5}},"type":"if","locations":[{"start":{"line":164,"column":4},"end":{"line":171,"column":5}},{"start":{},"end":{}}],"line":164},"30":{"loc":{"start":{"line":175,"column":2},"end":{"line":178,"column":3}},"type":"if","locations":[{"start":{"line":175,"column":2},"end":{"line":178,"column":3}},{"start":{},"end":{}}],"line":175},"31":{"loc":{"start":{"line":184,"column":4},"end":{"line":184,"column":79}},"type":"cond-expr","locations":[{"start":{"line":184,"column":26},"end":{"line":184,"column":56}},{"start":{"line":184,"column":59},"end":{"line":184,"column":79}}],"line":184},"32":{"loc":{"start":{"line":194,"column":2},"end":{"line":197,"column":3}},"type":"if","locations":[{"start":{"line":194,"column":2},"end":{"line":197,"column":3}},{"start":{},"end":{}}],"line":194},"33":{"loc":{"start":{"line":199,"column":2},"end":{"line":211,"column":3}},"type":"if","locations":[{"start":{"line":199,"column":2},"end":{"line":211,"column":3}},{"start":{},"end":{}}],"line":199},"34":{"loc":{"start":{"line":200,"column":45},"end":{"line":200,"column":98}},"type":"binary-expr","locations":[{"start":{"line":200,"column":45},"end":{"line":200,"column":69}},{"start":{"line":200,"column":73},"end":{"line":200,"column":98}}],"line":200},"35":{"loc":{"start":{"line":201,"column":4},"end":{"line":208,"column":5}},"type":"if","locations":[{"start":{"line":201,"column":4},"end":{"line":208,"column":5}},{"start":{},"end":{}}],"line":201},"36":{"loc":{"start":{"line":205,"column":26},"end":{"line":205,"column":71}},"type":"cond-expr","locations":[{"start":{"line":205,"column":48},"end":{"line":205,"column":59}},{"start":{"line":205,"column":62},"end":{"line":205,"column":71}}],"line":205},"37":{"loc":{"start":{"line":213,"column":48},"end":{"line":213,"column":101}},"type":"binary-expr","locations":[{"start":{"line":213,"column":48},"end":{"line":213,"column":72}},{"start":{"line":213,"column":76},"end":{"line":213,"column":101}}],"line":213},"38":{"loc":{"start":{"line":214,"column":2},"end":{"line":221,"column":3}},"type":"if","locations":[{"start":{"line":214,"column":2},"end":{"line":221,"column":3}},{"start":{},"end":{}}],"line":214},"39":{"loc":{"start":{"line":231,"column":2},"end":{"line":237,"column":3}},"type":"if","locations":[{"start":{"line":231,"column":2},"end":{"line":237,"column":3}},{"start":{},"end":{}}],"line":231},"40":{"loc":{"start":{"line":243,"column":4},"end":{"line":243,"column":43}},"type":"cond-expr","locations":[{"start":{"line":243,"column":26},"end":{"line":243,"column":30}},{"start":{"line":243,"column":33},"end":{"line":243,"column":43}}],"line":243},"41":{"loc":{"start":{"line":250,"column":24},"end":{"line":250,"column":69}},"type":"cond-expr","locations":[{"start":{"line":250,"column":46},"end":{"line":250,"column":57}},{"start":{"line":250,"column":60},"end":{"line":250,"column":69}}],"line":250},"42":{"loc":{"start":{"line":251,"column":24},"end":{"line":251,"column":100}},"type":"cond-expr","locations":[{"start":{"line":251,"column":46},"end":{"line":251,"column":77}},{"start":{"line":251,"column":80},"end":{"line":251,"column":100}}],"line":251},"43":{"loc":{"start":{"line":252,"column":25},"end":{"line":252,"column":57}},"type":"binary-expr","locations":[{"start":{"line":252,"column":25},"end":{"line":252,"column":50}},{"start":{"line":252,"column":54},"end":{"line":252,"column":57}}],"line":252},"44":{"loc":{"start":{"line":254,"column":24},"end":{"line":254,"column":68}},"type":"binary-expr","locations":[{"start":{"line":254,"column":24},"end":{"line":254,"column":48}},{"start":{"line":254,"column":52},"end":{"line":254,"column":68}}],"line":254},"45":{"loc":{"start":{"line":259,"column":17},"end":{"line":259,"column":71}},"type":"cond-expr","locations":[{"start":{"line":259,"column":27},"end":{"line":259,"column":66}},{"start":{"line":259,"column":69},"end":{"line":259,"column":71}}],"line":259},"46":{"loc":{"start":{"line":266,"column":14},"end":{"line":266,"column":55}},"type":"cond-expr","locations":[{"start":{"line":266,"column":36},"end":{"line":266,"column":46}},{"start":{"line":266,"column":49},"end":{"line":266,"column":55}}],"line":266},"47":{"loc":{"start":{"line":277,"column":2},"end":{"line":279,"column":3}},"type":"if","locations":[{"start":{"line":277,"column":2},"end":{"line":279,"column":3}},{"start":{},"end":{}}],"line":277},"48":{"loc":{"start":{"line":277,"column":6},"end":{"line":277,"column":81}},"type":"binary-expr","locations":[{"start":{"line":277,"column":6},"end":{"line":277,"column":20}},{"start":{"line":277,"column":24},"end":{"line":277,"column":58}},{"start":{"line":277,"column":62},"end":{"line":277,"column":81}}],"line":277},"49":{"loc":{"start":{"line":281,"column":25},"end":{"line":283,"column":7}},"type":"cond-expr","locations":[{"start":{"line":282,"column":6},"end":{"line":282,"column":89}},{"start":{"line":283,"column":6},"end":{"line":283,"column":7}}],"line":281},"50":{"loc":{"start":{"line":298,"column":17},"end":{"line":298,"column":71}},"type":"cond-expr","locations":[{"start":{"line":298,"column":27},"end":{"line":298,"column":66}},{"start":{"line":298,"column":69},"end":{"line":298,"column":71}}],"line":298},"51":{"loc":{"start":{"line":305,"column":15},"end":{"line":305,"column":83}},"type":"cond-expr","locations":[{"start":{"line":305,"column":45},"end":{"line":305,"column":61}},{"start":{"line":305,"column":64},"end":{"line":305,"column":83}}],"line":305},"52":{"loc":{"start":{"line":311,"column":13},"end":{"line":311,"column":58}},"type":"binary-expr","locations":[{"start":{"line":311,"column":13},"end":{"line":311,"column":34}},{"start":{"line":311,"column":38},"end":{"line":311,"column":58}}],"line":311},"53":{"loc":{"start":{"line":313,"column":14},"end":{"line":313,"column":81}},"type":"cond-expr","locations":[{"start":{"line":313,"column":63},"end":{"line":313,"column":69}},{"start":{"line":313,"column":72},"end":{"line":313,"column":81}}],"line":313},"54":{"loc":{"start":{"line":313,"column":14},"end":{"line":313,"column":60}},"type":"binary-expr","locations":[{"start":{"line":313,"column":14},"end":{"line":313,"column":36}},{"start":{"line":313,"column":40},"end":{"line":313,"column":60}}],"line":313},"55":{"loc":{"start":{"line":328,"column":2},"end":{"line":328,"column":76}},"type":"if","locations":[{"start":{"line":328,"column":2},"end":{"line":328,"column":76}},{"start":{},"end":{}}],"line":328},"56":{"loc":{"start":{"line":340,"column":20},"end":{"line":340,"column":86}},"type":"cond-expr","locations":[{"start":{"line":340,"column":46},"end":{"line":340,"column":79}},{"start":{"line":340,"column":82},"end":{"line":340,"column":86}}],"line":340},"57":{"loc":{"start":{"line":341,"column":2},"end":{"line":348,"column":3}},"type":"if","locations":[{"start":{"line":341,"column":2},"end":{"line":348,"column":3}},{"start":{},"end":{}}],"line":341},"58":{"loc":{"start":{"line":341,"column":6},"end":{"line":341,"column":34}},"type":"binary-expr","locations":[{"start":{"line":341,"column":6},"end":{"line":341,"column":15}},{"start":{"line":341,"column":19},"end":{"line":341,"column":34}}],"line":341},"59":{"loc":{"start":{"line":351,"column":2},"end":{"line":362,"column":3}},"type":"if","locations":[{"start":{"line":351,"column":2},"end":{"line":362,"column":3}},{"start":{},"end":{}}],"line":351},"60":{"loc":{"start":{"line":391,"column":2},"end":{"line":394,"column":3}},"type":"if","locations":[{"start":{"line":391,"column":2},"end":{"line":394,"column":3}},{"start":{},"end":
[...]
lumn":3}},"type":"if","locations":[{"start":{"line":122,"column":2},"end":{"line":124,"column":3}},{"start":{},"end":{}}],"line":122},"21":{"loc":{"start":{"line":122,"column":6},"end":{"line":122,"column":43}},"type":"binary-expr","locations":[{"start":{"line":122,"column":6},"end":{"line":122,"column":22}},{"start":{"line":122,"column":26},"end":{"line":122,"column":43}}],"line":122},"22":{"loc":{"start":{"line":129,"column":4},"end":{"line":131,"column":5}},"type":"if","locations":[{"start":{"line":129,"column":4},"end":{"line":131,"column":5}},{"start":{},"end":{}}],"line":129},"23":{"loc":{"start":{"line":129,"column":8},"end":{"line":129,"column":65}},"type":"binary-expr","locations":[{"start":{"line":129,"column":8},"end":{"line":129,"column":34}},{"start":{"line":129,"column":38},"end":{"line":129,"column":65}}],"line":129},"24":{"loc":{"start":{"line":154,"column":2},"end":{"line":154,"column":59}},"type":"if","locations":[{"start":{"line":154,"column":2},"end":{"line":154,"column":59}},{"start":{},"end":{}}],"line":154},"25":{"loc":{"start":{"line":154,"column":6},"end":{"line":154,"column":45}},"type":"binary-expr","locations":[{"start":{"line":154,"column":6},"end":{"line":154,"column":22}},{"start":{"line":154,"column":26},"end":{"line":154,"column":45}}],"line":154},"26":{"loc":{"start":{"line":157,"column":2},"end":{"line":157,"column":50}},"type":"if","locations":[{"start":{"line":157,"column":2},"end":{"line":157,"column":50}},{"start":{},"end":{}}],"line":157},"27":{"loc":{"start":{"line":157,"column":6},"end":{"line":157,"column":36}},"type":"binary-expr","locations":[{"start":{"line":157,"column":6},"end":{"line":157,"column":15}},{"start":{"line":157,"column":19},"end":{"line":157,"column":36}}],"line":157}},"s":{"0":1,"1":1,"2":0,"3":0,"4":0,"5":0,"6":0,"7":0,"8":0,"9":0,"10":0,"11":0,"12":0,"13":0,"14":0,"15":0,"16":0,"17":0,"18":0,"19":0,"20":0,"21":0,"22":0,"23":0,"24":0,"25":0,"26":0,"27":0,"28":0,"29":0,"30":0,"31":0,"32":0,"33":0,"34":0,"35":0,"36":0,"37":0,"38":0,"39":0,"40":0,"41":0,"42":0,"43":0,"44":0,"45":0,"46":0,"47":0,"48":0,"49":0,"50":0,"51":0,"52":0,"53":0,"54":0,"55":0,"56":1},"f":{"0":0,"1":0,"2":0},"b":{"0":[0,0],"1":[0,0,0],"2":[0,0],"3":[0,0],"4":[0,0],"5":[0,0],"6":[0,0],"7":[0,0],"8":[0,0],"9":[0,0],"10":[0,0],"11":[0,0],"12":[0,0],"13":[0,0],"14":[0,0],"15":[0,0],"16":[0,0],"17":[0,0],"18":[0,0],"19":[0,0],"20":[0,0],"21":[0,0],"22":[0,0],"23":[0,0],"24":[0,0],"25":[0,0],"26":[0,0],"27":[0,0]},"_coverageSchema":"1a1c01bbd47fc00a2c39e90264f33305004495a9","hash":"897f3da4ca3c1cf6d18c5703ea21fd265034425d"}
,"F:\\1MERNProjects\\copiestogithub\\cropsensegit\\backend\\services\\socketService.js": {"path":"F:\\1MERNProjects\\copiestogithub\\cropsensegit\\backend\\services\\socketService.js","statementMap":{"0":{"start":{"line":16,"column":10},"end":{"line":16,"column":14}},"1":{"start":{"line":23,"column":2},"end":{"line":23,"column":11}},"2":{"start":{"line":25,"column":2},"end":{"line":74,"column":5}},"3":{"start":{"line":26,"column":21},"end":{"line":26,"column":30}},"4":{"start":{"line":27,"column":4},"end":{"line":27,"column":52}},"5":{"start":{"line":37,"column":4},"end":{"line":49,"column":7}},"6":{"start":{"line":38,"column":6},"end":{"line":41,"column":7}},"7":{"start":{"line":39,"column":8},"end":{"line":39,"column":72}},"8":{"start":{"line":40,"column":8},"end":{"line":40,"column":15}},"9":{"start":{"line":43,"column":19},"end":{"line":43,"column":35}},"10":{"start":{"line":44,"column":6},"end":{"line":44,"column":24}},"11":{"start":{"line":45,"column":6},"end":{"line":45,"column":64}},"12":{"start":{"line":48,"column":6},"end":{"line":48,"column":52}},"13":{"start":{"line":52,"column":4},"end":{"line":57,"column":7}},"14":{"start":{"line":53,"column":6},"end":{"line":53,"column":28}},"15":{"start":{"line":53,"column":21},"end":{"line":53,"column":28}},"16":{"start":{"line":54,"column":19},"end":{"line":54,"column":39}},"17":{"start":{"line":55,"column":6},"end":{"line":55,"column":24}},"18":{"start":{"line":56,"column":6},"end":{"line":56,"column":58}},"19":{"start":{"line":60,"column":4},"end":{"line":63,"column":7}},"20":{"start":{"line":61,"column":6},"end":{"line":61,"column":28}},"21":{"start":{"line":61,"column":21},"end":{"line":61,"column":28}},"22":{"start":{"line":62,"column":6},"end":{"line":62,"column":41}},"23":{"start":{"line":66,"column":4},"end":{"line":68,"column":7}},"24":{"start":{"line":67,"column":6},"end":{"line":67,"column":77}},"25":{"start":{"line":71,"column":4},"end":{"line":73,"column":7}},"26":{"start":{"line":72,"column":6},"end":{"line":72,"column":46}},"27":{"start":{"line":76,"column":2},"end":{"line":76,"column":49}},"28":{"start":{"line":89,"column":2},"end":{"line":92,"column":3}},"29":{"start":{"line":90,"column":4},"end":{"line":90,"column":75}},"30":{"start":{"line":91,"column":4},"end":{"line":91,"column":11}},"31":{"start":{"line":93,"column":2},"end":{"line":93,"column":45}},"32":{"start":{"line":101,"column":2},"end":{"line":101,"column":19}},"33":{"start":{"line":101,"column":12},"end":{"line":101,"column":19}},"34":{"start":{"line":102,"column":2},"end":{"line":102,"column":49}},"35":{"start":{"line":110,"column":2},"end":{"line":110,"column":19}},"36":{"start":{"line":110,"column":12},"end":{"line":110,"column":19}},"37":{"start":{"line":111,"column":2},"end":{"line":111,"column":24}},"38":{"start":{"line":119,"column":2},"end":{"line":119,"column":21}},"39":{"start":{"line":119,"column":12},"end":{"line":119,"column":21}},"40":{"start":{"line":120,"column":18},"end":{"line":120,"column":42}},"41":{"start":{"line":121,"column":2},"end":{"line":121,"column":24}},"42":{"start":{"line":124,"column":0},"end":{"line":130,"column":2}}},"fnMap":{"0":{"name":"initSocketService","decl":{"start":{"line":22,"column":9},"end":{"line":22,"column":26}},"loc":{"start":{"line":22,"column":31},"end":{"line":77,"column":1}},"line":22},"1":{"name":"(anonymous_1)","decl":{"start":{"line":25,"column":22},"end":{"line":25,"column":23}},"loc":{"start":{"line":25,"column":34},"end":{"line":74,"column":3}},"line":25},"2":{"name":"(anonymous_2)","decl":{"start":{"line":37,"column":22},"end":{"line":37,"column":23}},"loc":{"start":{"line":37,"column":38},"end":{"line":49,"column":5}},"line":37},"3":{"name":"(anonymous_3)","decl":{"start":{"line":52,"column":28},"end":{"line":52,"column":29}},"loc":{"start":{"line":52,"column":46},"end":{"line":57,"column":5}},"line":52},"4":{"name":"(anonymous_4)","decl":{"start":{"line":60,"column":29},"end":{"line":60,"column":30}},"loc":{"start":{"line":60,"column":47},"end":{"line":63,"column":5}},"line":60},"5":{"name":"(anonymous_5)","decl":{"start":{"line":66,"column":28},"end":{"line":66,"column":29}},"loc":{"start":{"line":66,"column":40},"end":{"line":68,"column":5}},"line":66},"6":{"name":"(anonymous_6)","decl":{"start":{"line":71,"column":22},"end":{"line":71,"column":23}},"loc":{"start":{"line":71,"column":28},"end":{"line":73,"column":5}},"line":71},"7":{"name":"emitToUser","decl":{"start":{"line":88,"column":9},"end":{"line":88,"column":19}},"loc":{"start":{"line":88,"column":41},"end":{"line":94,"column":1}},"line":88},"8":{"name":"emitToDevice","decl":{"start":{"line":100,"column":9},"end":{"line":100,"column":21}},"loc":{"start":{"line":100,"column":45},"end":{"line":103,"column":1}},"line":100},"9":{"name":"emitToAll","decl":{"start":{"line":109,"column":9},"end":{"line":109,"column":18}},"loc":{"start":{"line":109,"column":32},"end":{"line":112,"column":1}},"line":109},"10":{"name":"getConnectedCount","decl":{"start":{"line":118,"column":15},"end":{"line":118,"column":32}},"loc":{"start":{"line":118,"column":35},"end":{"line":122,"column":1}},"line":118}},"branchMap":{"0":{"loc":{"start":{"line":38,"column":6},"end":{"line":41,"column":7}},"type":"if","locations":[{"start":{"line":38,"column":6},"end":{"line":41,"column":7}},{"start":{},"end":{}}],"line":38},"1":{"loc":{"start":{"line":53,"column":6},"end":{"line":53,"column":28}},"type":"if","locations":[{"start":{"line":53,"column":6},"end":{"line":53,"column":28}},{"start":{},"end":{}}],"line":53},"2":{"loc":{"start":{"line":61,"column":6},"end":{"line":61,"column":28}},"type":"if","locations":[{"start":{"line":61,"column":6},"end":{"line":61,"column":28}},{"start":{},"end":{}}],"line":61},"3":{"loc":{"start":{"line":89,"column":2},"end":{"line":92,"column":3}},"type":"if","locations":[{"start":{"line":89,"column":2},"end":{"line":92,"column":3}},{"start":{},"end":{}}],"line":89},"4":{"loc":{"start":{"line":101,"column":2},"end":{"line":101,"column":19}},"type":"if","locations":[{"start":{"line":101,"column":2},"end":{"line":101,"column":19}},{"start":{},"end":{}}],"line":101},"5":{"loc":{"start":{"line":110,"column":2},"end":{"line":110,"column":19}},"type":"if","locations":[{"start":{"line":110,"column":2},"end":{"line":110,"column":19}},{"start":{},"end":{}}],"line":110},"6":{"loc":{"start":{"line":119,"column":2},"end":{"line":119,"column":21}},"type":"if","locations":[{"start":{"line":119,"column":2},"end":{"line":119,"column":21}},{"start":{},"end":{}}],"line":119}},"s":{"0":1,"1":0,"2":0,"3":0,"4":0,"5":0,"6":0,"7":0,"8":0,"9":0,"10":0,"11":0,"12":0,"13":0,"14":0,"15":0,"16":0,"17":0,"18":0,"19":0,"20":0,"21":0,"22":0,"23":0,"24":0,"25":0,"26":0,"27":0,"28":0,"29":0,"30":0,"31":0,"32":0,"33":0,"34":0,"35":0,"36":0,"37":0,"38":0,"39":0,"40":0,"41":0,"42":1},"f":{"0":0,"1":0,"2":0,"3":0,"4":0,"5":0,"6":0,"7":0,"8":0,"9":0,"10":0},"b":{"0":[0,0],"1":[0,0],"2":[0,0],"3":[0,0],"4":[0,0],"5":[0,0],"6":[0,0]},"_coverageSchema":"1a1c01bbd47fc00a2c39e90264f33305004495a9","hash":"27e8d3f0916eefebb596c3fd26ffa9cdd077e6c1"}
,"F:\\1MERNProjects\\copiestogithub\\cropsensegit\\backend\\services\\thresholdService.js": {"path":"F:\\1MERNProjects\\copiestogithub\\cropsensegit\\backend\\services\\thresholdService.js","statementMap":{"0":{"start":{"line":14,"column":21},"end":{"line":14,"column":54}},"1":{"start":{"line":15,"column":23},"end":{"line":15,"column":49}},"2":{"start":{"line":18,"column":19},"end":{"line":34,"column":1}},"3":{"start":{"line":37,"column":25},"end":{"line":37,"column":27}},"4":{"start":{"line":50,"column":17},"end":{"line":50,"column":19}},"5":{"start":{"line":51,"column":17},"end":{"line":51,"column":36}},"6":{"start":{"line":54,"column":2},"end":{"line":72,"column":3}},"7":{"start":{"line":55,"column":4},"end":{"line":71,"column":5}},"8":{"start":{"line":56,"column":6},"end":{"line":62,"column":9}},"9":{"start":{"line":63,"column":11},"end":{"line":71,"column":5}},"10":{"start":{"line":64,"column":6},"end":{"line":70,"column":9}},"11":{"start":{"line":75,"column":2},"end":{"line":93,"column":3}},"12":{"start":{"line":76,"column":4},"end":{"line":92,"column":5}},"13":{"start":{"line":77,"column":6},"end":{"line":83,"column":9}},"14":{"start":{"line":84,"column":11},"end":{"line":92,"column":5}},"15":{"start":{"line":85,"column":6},"end":{"line":91,"column":9}},"16":{"start":{"line":96,"column":2},"end":{"line":114,"column":3}},"17":{"start":{"line":97,"column":4},"end":{"line":113,"column":5}},"18":{"start":{"line":98,"column":6},"end":{"line":104,"column":9}},"19":{"start":{"line":105,"column":11},"end":{"line":113,"column":5}},"20":{"start":{"line":106,"column":6},"end":{"line":112,"column":9}},"21":{"start":{"line":117,"column":2},"end":{"line":125,"column":3}},"22":{"start":{"line":118,"column":4},"end":{"line":124,"column":7}},"23":{"start":{"line":127,"column":2},"end":{"line":127,"column":34}},"24":{"start":{"line":127,"column":27},"end":{"line":127,"column":34}},"25":{"start":{"line":130,"column":23},"end":{"line":130,"column":74}},"26":{"start":{"line":132,"column":2},"end":{"line":172,"column":3}},"27":{"start":{"line":133,"column":4},"end":{"line":171,"column":5}},"28":{"start":{"line":134,"column":21},"end":{"line":139,"column":15}},"29":{"start":{"line":141,"column":6},"end":{"line":144,"column":7}},"30":{"start":{"line":143,"column":8},"end":{"line":143,"column":17}},"31":{"start":{"line":147,"column":27},"end":{"line":156,"column":8}},"32":{"start":{"line":159,"column":6},"end":{"line":167,"column":9}},"33":{"start":{"line":170,"column":6},"end":{"line":170,"column":87}},"34":{"start":{"line":181,"column":2},"end":{"line":207,"column":3}},"35":{"start":{"line":182,"column":25},"end":{"line":191,"column":6}},"36":{"start":{"line":193,"column":4},"end":{"line":201,"column":7}},"37":{"start":{"line":203,"column":4},"end":{"line":203,"column":24}},"38":{"start":{"line":205,"column":4},"end":{"line":205,"column":92}},"39":{"start":{"line":206,"column":4},"end":{"line":206,"column":16}},"40":{"start":{"line":210,"column":0},"end":{"line":214,"column":2}}},"fnMap":{"0":{"name":"checkThresholds","decl":{"start":{"line":49,"column":15},"end":{"line":49,"column":30}},"loc":{"start":{"line":49,"column":70},"end":{"line":173,"column":1}},"line":49},"1":{"name":"createSystemNotification","decl":{"start":{"line":180,"column":15},"end":{"line":180,"column":39}},"loc":{"start":{"line":180,"column":111},"end":{"line":208,"column":1}},"line":180}},"branchMap":{"0":{"loc":{"start":{"line":54,"column":2},"end":{"line":72,"column":3}},"type":"if","locations":[{"start":{"line":54,"column":2},"end":{"line":72,"column":3}},{"start":{},"end":{}}],"line":54},"1":{"loc":{"start":{"line":55,"column":4},"end":{"line":71,"column":5}},"type":"if","locations":[{"start":{"line":55,"column":4},"end":{"line":71,"column":5}},{"start":{"line":63,"column":11},"end":{"line":71,"column":5}}],"line":55},"2":{"loc":{"start":{"line":63,"column":11},"end":{"line":71,"column":5}},"type":"if","locations":[{"start":{"line":63,"column":11},"end":{"line":71,"column":5}},{"start":{},"end":{}}],"line":63},"3":{"loc":{"start":{"line":75,"column":2},"end":{"line":93,"column":3}},"type":"if","locations":[{"start":{"line":75,"column":2},"end":{"line":93,"column":3}},{"start":{},"end":{}}],"line":75},"4":{"loc":{"start":{"line":76,"column":4},"end":{"line":92,"column":5}},"type":"if","locations":[{"start":{"line":76,"column":4},"end":{"line":92,"column":5}},{"start":{"line":84,"column":11},"end":{"line":92,"column":5}}],"line":76},"5":{"loc":{"start":{"line":84,"column":11},"end":{"line":92,"column":5}},"type":"if","locations":[{"start":{"line":84,"column":11},"end":{"line":92,"column":5}},{"start":{},"end":{}}],"line":84},"6":{"loc":{"start":{"line":96,"column":2},"end":{"line":114,"column":3}},"type":"if","locations":[{"start":{"line":96,"column":2},"end":{"line":114,"column":3}},{"start":{},"end":{}}],"line":96},"7":{"loc":{"start":{"line":97,"column":4},"end":{"line":113,"column":5}},"type":"if","locations":[{"start":{"line":97,"column":4},"end":{"line":113,"column":5}},{"start":{"line":105,"column":11},"end":{"line":113,"column":5}}],"line":97},"8":{"loc":{"start":{"line":105,"column":11},"end":{"line":113,"column":5}},"type":"if","locations":[{"start":{"line":105,"column":11},"end":{"line":113,"column":5}},{"start":{},"end":{}}],"line":105},"9":{"loc":{"start":{"line":117,"column":2},"end":{"line":125,"column":3}},"type":"if","locations":[{"start":{"line":117,"column":2},"end":{"line":125,"column":3}},{"start":{},"end":{}}],"line":117},"10":{"loc":{"start":{"line":117,"column":6},"end":{"line":117,"column":76}},"type":"binary-expr","locations":[{"start":{"line":117,"column":6},"end":{"line":117,"column":26}},{"start":{"line":117,"column":30},"end":{"line":117,"column":76}}],"line":117},"11":{"loc":{"start":{"line":127,"column":2},"end":{"line":127,"column":34}},"type":"if","locations":[{"start":{"line":127,"column":2},"end":{"line":127,"column":34}},{"start":{},"end":{}}],"line":127},"12":{"loc":{"start":{"line":141,"column":6},"end":{"line":144,"column":7}},"type":"if","locations":[{"start":{"line":141,"column":6},"end":{"line":144,"column":7}},{"start":{},"end":{}}],"line":141},"13":{"loc":{"start":{"line":150,"column":18},"end":{"line":150,"column":32}},"type":"binary-expr","locations":[{"start":{"line":150,"column":18},"end":{"line":150,"column":24}},{"start":{"line":150,"column":28},"end":{"line":150,"column":32}}],"line":150},"14":{"loc":{"start":{"line":184,"column":16},"end":{"line":184,"column":32}},"type":"binary-expr","locations":[{"start":{"line":184,"column":16},"end":{"line":184,"column":24}},{"start":{"line":184,"column":28},"end":{"line":184,"column":32}}],"line":184},"15":{"loc":{"start":{"line":185,"column":16},"end":{"line":185,"column":32}},"type":"binary-expr","locations":[{"start":{"line":185,"column":16},"end":{"line":185,"column":22}},{"start":{"line":185,"column":28},"end":{"line":185,"column":32}}],"line":185},"16":{"loc":{"start":{"line":188,"column":16},"end":{"line":188,"column":36}},"type":"binary-expr","locations":[{"start":{"line":188,"column":16},"end":{"line":188,"column":20}},{"start":{"line":188,"column":28},"end":{"line":188,"column":36}}],"line":188},"17":{"loc":{"start":{"line":189,"column":16},"end":{"line":189,"column":34}},"type":"binary-expr","locations":[{"start":{"line":189,"column":16},"end":{"line":189,"column":24}},{"start":{"line":189,"column":28},"end":{"line":189,"column":34}}],"line":189},"18":{"loc":{"start":{"line":190,"column":16},"end":{"line":190,"column":32}},"type":"binary-expr","locations":[{"start":{"line":190,"column":16},"end":{"line":190,"column":23}},{"start":{"line":190,"column":28},"end":{"line":190,"column":32}}],"line":190}},"s":{"0":1,"1":1,"2":1,"3":1,"4":0,"5":0,"6":0,"7":0,"8":0,"9":0,"10":0,"11":0,"12":0,"13":0,"14":0,"15":0,"16":0,"17":0,"18":0,"19":0,"20":0,"21":0,"22":0,"23":0,"24":0,"25":0,"26":0,"27":0,"28":0,"29":0,"30":0,"31":0,"32":0,"33":0,"34":0,"35":0,"36":0,"37":0,"38":0,"39":0,"40":1},"f":{"0":0,"1":0},"b":{"0":[0,0],"1":[0,0],"2":[0,0],"3":[0,0],"4":[0,0],"5":[0,0],"6":[0,0],"7":[0,0],"8":[0,0],"9":[0,0],"10":[0,0],"11":[0,0],"12":[0,0],"13":[0,0],"14":[0,0],"15":[0,0],"16":[0,0],"17":[0,0],"18":[0,0]},"_coverageSchema":"1a1c01bbd47fc00a2c39e90264f33305004495a9","hash":"cc1e581a601f7aec672986f94e3a023c21fe1996"}
,"F:\\1MERNProjects\\copiestogithub\\cropsensegit\\backend\\utils\\getSeason.js": {"path":"F:\\1MERNProjects\\copiestogithub\\cropsensegit\\backend\\utils\\getSeason.js","statementMap":{"0":{"start":{"line":1,"column":18},"end":{"line":13,"column":1}},"1":{"start":{"line":2,"column":18},"end":{"line":2,"column":47}},"2":{"start":{"line":4,"column":4},"end":{"line":6,"column":5}},"3":{"start":{"line":5,"column":8},"end":{"line":5,"column":24}},"4":{"start":{"line":8,"column":4},"end":{"line":10,"column":5}},"5":{"start":{"line":9,"column":8},"end":{"line":9,"column":22}},"6":{"start":{"line":12,"column":4},"end":{"line":12,"column":18}},"7":{"start":{"line":15,"column":0},"end":{"line":15,"column":27}}},"fnMap":{"0":{"name":"(anonymous_0)","decl":{"start":{"line":1,"column":18},"end":{"line":1,"column":19}},"loc":{"start":{"line":1,"column":28},"end":{"line":13,"column":1}},"line":1}},"branchMap":{"0":{"loc":{"start":{"line":4,"column":4},"end":{"line":6,"column":5}},"type":"if","locations":[{"start":{"line":4,"column":4},"end":{"line":6,"column":5}},{"start":{},"end":{}}],"line":4},"1":{"loc":{"start":{"line":4,"column":8},"end":{"line":4,"column":32}},"type":"binary-expr","locations":[{"start":{"line":4,"column":8},"end":{"line":4,"column":18}},{"start":{"line":4,"column":22},"end":{"line":4,"column":32}}],"line":4},"2":{"loc":{"start":{"line":8,"column":4},"end":{"line":10,"column":5}},"type":"if","locations":[{"start":{"line":8,"column":4},"end":{"line":10,"column":5}},{"start":{},"end":{}}],"line":8},"3":{"loc":{"start":{"line":8,"column":8},"end":{"line":8,"column":33}},"type":"binary-expr","locations":[{"start":{"line":8,"column":8},"end":{"line":8,"column":18}},{"start":{"line":8,"column":22},"end":{"line":8,"column":33}}],"line":8}},"s":{"0":1,"1":0,"2":0,"3":0,"4":0,"5":0,"6":0,"7":1},"f":{"0":0},"b":{"0":[0,0],"1":[0,0],"2":[0,0],"3":[0,0]},"_coverageSchema":"1a1c01bbd47fc00a2c39e90264f33305004495a9","hash":"44c6e64c6692cf68809217fe36d84e3ca1d105a8"}
}
