TN:
SF:config\mqtt.js
FN:64,(anonymous_0)
FN:65,(anonymous_1)
FN:66,(anonymous_2)
FN:68,(anonymous_3)
FN:69,(anonymous_4)
FN:70,(anonymous_5)
FNF:6
FNH:0
FNDA:0,(anonymous_0)
FNDA:0,(anonymous_1)
FNDA:0,(anonymous_2)
FNDA:0,(anonymous_3)
FNDA:0,(anonymous_4)
FNDA:0,(anonymous_5)
DA:10,1
DA:64,0
DA:65,0
DA:66,0
DA:68,0
DA:69,0
DA:70,0
LF:7
LH:1
BRDA:14,0,0,1
BRDA:14,0,1,1
BRDA:19,1,0,1
BRDA:19,1,1,1
BRDA:22,2,0,1
BRDA:22,2,1,1
BRDA:23,3,0,1
BRDA:23,3,1,1
BRDA:75,4,0,0
BRDA:75,4,1,1
BRF:10
BRH:9
end_of_record
TN:
SF:models\CommandLog.js
FNF:0
FNH:0
DA:3,1
DA:5,1
DA:15,1
DA:61,1
DA:62,1
DA:63,1
DA:64,1
DA:66,1
LF:8
LH:8
BRF:0
BRH:0
end_of_record
TN:
SF:models\DayForecast.js
FNF:0
FNH:0
DA:1,1
DA:3,1
DA:54,1
DA:85,1
LF:4
LH:4
BRF:0
BRH:0
end_of_record
TN:
SF:models\Device.js
FN:117,(anonymous_0)
FNF:1
FNH:0
FNDA:0,(anonymous_0)
DA:13,1
DA:14,1
DA:16,1
DA:113,1
DA:114,1
DA:117,1
DA:118,0
DA:119,0
DA:127,1
LF:9
LH:7
BRF:0
BRH:0
end_of_record
TN:
SF:models\Farm.js
FN:117,(anonymous_0)
FNF:1
FNH:0
FNDA:0,(anonymous_0)
DA:1,1
DA:2,1
DA:4,1
DA:117,1
DA:119,0
DA:120,0
DA:126,1
LF:7
LH:5
BRDA:119,0,0,0
BRDA:119,0,1,0
BRF:2
BRH:0
end_of_record
TN:
SF:models\IrrigationExecution.js
FNF:0
FNH:0
DA:1,1
DA:3,1
DA:14,1
DA:23,1
DA:89,1
DA:90,1
DA:91,1
DA:93,1
LF:8
LH:8
BRF:0
BRH:0
end_of_record
TN:
SF:models\Notification.js
FNF:0
FNH:0
DA:17,1
DA:19,1
DA:96,1
DA:97,1
DA:100,1
DA:105,1
LF:6
LH:6
BRF:0
BRH:0
end_of_record
TN:
SF:models\SensorData.js
FNF:0
FNH:0
DA:1,1
DA:3,1
DA:128,1
DA:131,1
DA:134,1
DA:136,1
LF:6
LH:6
BRF:0
BRH:0
end_of_record
TN:
SF:services\commandService.js
FN:56,issueCommand
FN:143,acknowledgeCommand
FN:178,acknowledgeLatestCommand
FN:222,retryCommand
FN:296,cancelCommand
FN:326,_startAckTimer
FN:329,(anonymous_6)
FN:357,_clearAckTimer
FNF:8
FNH:0
FNDA:0,issueCommand
FNDA:0,acknowledgeCommand
FNDA:0,acknowledgeLatestCommand
FNDA:0,retryCommand
FNDA:0,cancelCommand
FNDA:0,_startAckTimer
FNDA:0,(anonymous_6)
FNDA:0,_clearAckTimer
DA:29,1
DA:30,1
DA:31,1
DA:32,1
DA:35,1
DA:36,1
DA:40,1
DA:57,0
DA:65,0
DA:73,0
DA:74,0
DA:75,0
DA:76,0
DA:79,0
DA:93,0
DA:96,0
DA:97,0
DA:98,0
DA:99,0
DA:101,0
DA:109,0
DA:111,0
DA:112,0
DA:115,0
DA:118,0
DA:119,0
DA:120,0
DA:123,0
DA:130,0
DA:145,0
DA:147,0
DA:159,0
DA:161,0
DA:162,0
DA:165,0
DA:168,0
DA:179,0
DA:181,0
DA:182,0
DA:184,0
DA:201,0
DA:203,0
DA:223,0
DA:228,0
DA:230,0
DA:231,0
DA:232,0
DA:234,0
DA:235,0
DA:237,0
DA:238,0
DA:243,0
DA:244,0
DA:248,0
DA:249,0
DA:250,0
DA:254,0
DA:265,0
DA:266,0
DA:268,0
DA:277,0
DA:279,0
DA:280,0
DA:283,0
DA:287,0
DA:297,0
DA:299,0
DA:309,0
DA:311,0
DA:313,0
DA:319,0
DA:327,0
DA:329,0
DA:330,0
DA:331,0
DA:332,0
DA:338,0
DA:340,0
DA:342,0
DA:350,0
DA:354,0
DA:358,0
DA:359,0
DA:360,0
DA:361,0
DA:365,1
LF:86
LH:8
BRDA:35,0,0,1
BRDA:35,0,1,1
BRDA:56,1,0,0
BRDA:56,2,0,0
BRDA:70,3,0,0
BRDA:70,3,1,0
BRDA:70,4,0,0
BRDA:70,4,1,0
BRDA:82,5,0,0
BRDA:82,5,1,0
BRDA:143,6,0,0
BRDA:151,7,0,0
BRDA:151,7,1,0
BRDA:153,8,0,0
BRDA:153,8,1,0
BRDA:159,9,0,0
BRDA:159,9,1,0
BRDA:165,10,0,0
BRDA:165,10,1,0
BRDA:178,11,0,0
BRDA:182,12,0,0
BRDA:182,12,1,0
BRDA:191,13,0,0
BRDA:191,13,1,0
BRDA:201,14,0,0
BRDA:201,14,1,0
BRDA:228,15,0,0
BRDA:228,15,1,0
BRDA:230,16,0,0
BRDA:230,16,1,0
BRDA:231,17,0,0
BRDA:231,17,1,0
BRDA:234,18,0,0
BRDA:234,18,1,0
BRDA:237,19,0,0
BRDA:237,19,1,0
BRDA:243,20,0,0
BRDA:243,20,1,0
BRDA:250,21,0,0
BRDA:250,21,1,0
BRDA:260,22,0,0
BRDA:260,22,1,0
BRDA:309,23,0,0
BRDA:309,23,1,0
BRDA:338,24,0,0
BRDA:338,24,1,0
BRDA:359,25,0,0
BRDA:359,25,1,0
BRF:48
BRH:2
end_of_record
TN:
SF:services\deviceCacheService.js
FN:35,getDevice
FN:71,invalidate
FN:79,invalidateAll
FN:88,getCacheStats
FNF:4
FNH:0
FNDA:0,getDevice
FNDA:0,invalidate
FNDA:0,invalidateAll
FNDA:0,getCacheStats
DA:21,1
DA:24,1
DA:25,1
DA:28,1
DA:36,0
DA:39,0
DA:40,0
DA:41,0
DA:42,0
DA:43,0
DA:46,0
DA:50,0
DA:54,0
DA:57,0
DA:58,0
DA:59,0
DA:62,0
DA:63,0
DA:72,0
DA:80,0
DA:89,0
DA:96,1
LF:22
LH:5
BRDA:40,0,0,0
BRDA:40,0,1,0
BRDA:42,1,0,0
BRDA:42,1,1,0
BRDA:54,2,0,0
BRDA:54,2,1,0
BRDA:57,3,0,0
BRDA:57,3,1,0
BRF:8
BRH:0
end_of_record
TN:
SF:services\deviceStatusService.js
FN:46,markOnline
FN:102,markOffline
FN:151,isStale
FN:172,generateLwtConfig
FN:199,getStatusSummary
FN:232,runHeartbeatCheck
FNF:6
FNH:0
FNDA:0,markOnline
FNDA:0,markOffline
FNDA:0,isStale
FNDA:0,generateLwtConfig
FNDA:0,getStatusSummary
FNDA:0,runHeartbeatCheck
DA:22,1
DA:23,1
DA:24,1
DA:25,1
DA:30,1
DA:47,0
DA:49,0
DA:54,0
DA:55,0
DA:59,0
DA:62,0
DA:64,0
DA:70,0
DA:73,0
DA:81,0
DA:82,0
DA:103,0
DA:105,0
DA:109,0
DA:111,0
DA:112,0
DA:115,0
DA:124,0
DA:127,0
DA:131,0
DA:152,0
DA:153,0
DA:154,0
DA:173,0
DA:174,0
DA:200,0
DA:204,0
DA:212,0
DA:213,0
DA:214,0
DA:215,0
DA:216,0
DA:217,0
DA:219,0
DA:223,0
DA:233,0
DA:234,0
DA:239,0
DA:240,0
DA:243,0
DA:244,0
DA:247,0
DA:249,0
DA:250,0
DA:254,1
LF:50
LH:6
BRDA:30,0,0,1
BRDA:30,0,1,1
BRDA:46,1,0,0
BRDA:54,2,0,0
BRDA:54,2,1,0
BRDA:67,3,0,0
BRDA:67,3,1,0
BRDA:70,4,0,0
BRDA:70,4,1,0
BRDA:81,5,0,0
BRDA:81,5,1,0
BRDA:85,6,0,0
BRDA:85,6,1,0
BRDA:87,7,0,0
BRDA:87,7,1,0
BRDA:102,8,0,0
BRDA:103,9,0,0
BRDA:103,9,1,0
BRDA:111,10,0,0
BRDA:111,10,1,0
BRDA:124,11,0,0
BRDA:124,11,1,0
BRDA:127,12,0,0
BRDA:127,12,1,0
BRDA:128,13,0,0
BRDA:128,13,1,0
BRDA:129,14,0,0
BRDA:129,14,1,0
BRDA:134,15,0,0
BRDA:134,15,1,0
BRDA:152,16,0,0
BRDA:152,16,1,0
BRDA:213,17,0,0
BRDA:213,17,1,0
BRDA:215,18,0,0
BRDA:215,18,1,0
BRDA:216,19,0,0
BRDA:216,19,1,0
BRDA:239,20,0,0
BRDA:239,20,1,0
BRF:40
BRH:2
end_of_record
TN:
SF:services\irrigationExecutionManager.js
FN:42,startIrrigationExecutionManager
FN:50,stopIrrigationExecutionManager
FN:61,runExecutionChecks
FN:90,createExecutionFromRecommendation
FN:137,processExecution
FN:192,continueActiveExecution
FN:230,startExecution
FN:274,stopExecution
FN:321,manualStopExecution
FN:339,handleRainHold
FN:388,setWaitingStatus
FN:415,evaluateStartConditions
FN:485,evaluateStopConditions
FN:522,buildContext
FN:568,createEmergencyExecutions
FN:645,didRainOccur
FN:659,getCurrentForecast
FN:664,(anonymous_17)
FN:672,sendPumpCommand
FN:688,notifyOnce
FN:720,extractMoisture
FN:722,(anonymous_21)
FN:723,(anonymous_22)
FN:724,(anonymous_23)
FN:725,(anonymous_24)
FN:725,(anonymous_25)
FN:733,(anonymous_26)
FN:739,moistureReached
FN:740,(anonymous_28)
FN:744,(anonymous_29)
FN:751,normalizePercent
FN:758,buildScheduledAt
FN:770,triggerEmergencyCheckForFarm
FNF:33
FNH:4
FNDA:0,startIrrigationExecutionManager
FNDA:0,stopIrrigationExecutionManager
FNDA:0,runExecutionChecks
FNDA:0,createExecutionFromRecommendation
FNDA:0,processExecution
FNDA:0,continueActiveExecution
FNDA:0,startExecution
FNDA:0,stopExecution
FNDA:0,manualStopExecution
FNDA:0,handleRainHold
FNDA:0,setWaitingStatus
FNDA:12,evaluateStartConditions
FNDA:0,evaluateStopConditions
FNDA:0,buildContext
FNDA:0,createEmergencyExecutions
FNDA:0,didRainOccur
FNDA:0,getCurrentForecast
FNDA:0,(anonymous_17)
FNDA:0,sendPumpCommand
FNDA:0,notifyOnce
FNDA:0,extractMoisture
FNDA:0,(anonymous_21)
FNDA:0,(anonymous_22)
FNDA:0,(anonymous_23)
FNDA:0,(anonymous_24)
FNDA:0,(anonymous_25)
FNDA:0,(anonymous_26)
FNDA:4,moistureReached
FNDA:12,(anonymous_28)
FNDA:6,(anonymous_29)
FNDA:0,normalizePercent
FNDA:0,buildScheduledAt
FNDA:0,triggerEmergencyCheckForFarm
DA:3,1
DA:4,1
DA:5,1
DA:6,1
DA:7,1
DA:8,1
DA:9,1
DA:10,1
DA:11,1
DA:13,1
DA:14,1
DA:15,1
DA:16,1
DA:17,1
DA:18,1
DA:19,1
DA:20,1
DA:21,1
DA:24,1
DA:35,1
DA:36,1
DA:43,0
DA:44,0
DA:45,0
DA:46,0
DA:47,0
DA:51,0
DA:52,0
DA:53,0
DA:54,0
DA:62,0
DA:63,0
DA:64,0
DA:65,0
DA:67,0
DA:72,0
DA:73,0
DA:74,0
DA:76,0
DA:80,0
DA:82,0
DA:91,0
DA:92,0
DA:93,0
DA:95,0
DA:96,0
DA:97,0
DA:99,0
DA:101,0
DA:138,0
DA:139,0
DA:140,0
DA:143,0
DA:144,0
DA:145,0
DA:149,0
DA:150,0
DA:151,0
DA:155,0
DA:156,0
DA:157,0
DA:162,0
DA:163,0
DA:164,0
DA:165,0
DA:166,0
DA:170,0
DA:174,0
DA:175,0
DA:176,0
DA:177,0
DA:180,0
DA:193,0
DA:194,0
DA:195,0
DA:196,0
DA:199,0
DA:200,0
DA:201,0
DA:202,0
DA:203,0
DA:207,0
DA:209,0
DA:210,0
DA:213,0
DA:214,0
DA:215,0
DA:216,0
DA:220,0
DA:223,0
DA:231,0
DA:232,0
DA:239,0
DA:246,0
DA:263,0
DA:275,0
DA:276,0
DA:277,0
DA:278,0
DA:281,0
DA:285,0
DA:302,0
DA:310,0
DA:322,0
DA:328,0
DA:330,0
DA:331,0
DA:332,0
DA:340,0
DA:341,0
DA:342,0
DA:347,0
DA:350,0
DA:351,0
DA:352,0
DA:356,0
DA:361,0
DA:364,0
DA:376,0
DA:381,0
DA:389,0
DA:391,0
DA:392,0
DA:393,0
DA:396,0
DA:398,0
DA:399,0
DA:417,12
DA:418,2
DA:425,10
DA:426,1
DA:436,9
DA:437,1
DA:447,8
DA:448,1
DA:456,7
DA:457,1
DA:459,6
DA:460,1
DA:464,5
DA:465,1
DA:469,4
DA:470,2
DA:477,2
DA:486,0
DA:487,0
DA:489,0
DA:490,0
DA:492,0
DA:493,0
DA:495,0
DA:496,0
DA:498,0
DA:499,0
DA:502,0
DA:503,0
DA:505,0
DA:506,0
DA:508,0
DA:512,0
DA:514,0
DA:523,0
DA:524,0
DA:525,0
DA:527,0
DA:528,0
DA:529,0
DA:530,0
DA:531,0
DA:537,0
DA:541,0
DA:571,0
DA:575,0
DA:576,0
DA:577,0
DA:580,0
DA:581,0
DA:584,0
DA:588,0
DA:590,0
DA:596,0
DA:599,0
DA:600,0
DA:601,0
DA:604,0
DA:607,0
DA:609,0
DA:610,0
DA:612,0
DA:633,0
DA:646,0
DA:647,0
DA:652,0
DA:660,0
DA:661,0
DA:662,0
DA:663,0
DA:664,0
DA:673,0
DA:674,0
DA:689,0
DA:694,0
DA:696,0
DA:707,0
DA:708,0
DA:721,0
DA:722,0
DA:723,0
DA:724,0
DA:725,0
DA:727,0
DA:733,0
DA:740,4
DA:741,12
DA:743,4
DA:744,6
DA:752,0
DA:753,0
DA:754,0
DA:755,0
DA:759,0
DA:760,0
DA:761,0
DA:771,0
DA:773,0
DA:777,0
DA:778,0
DA:782,0
DA:784,0
DA:787,0
DA:790,0
DA:791,0
DA:792,0
DA:793,0
DA:795,0
DA:802,0
DA:803,0
DA:804,0
DA:805,0
DA:806,0
DA:808,0
DA:809,0
DA:810,0
DA:814,0
DA:815,0
DA:816,0
DA:819,0
DA:820,0
DA:824,0
DA:825,0
DA:826,0
DA:827,0
DA:829,0
DA:831,0
DA:852,0
DA:859,0
DA:861,0
DA:869,1
LF:258
LH:43
BRDA:15,0,0,1
BRDA:15,0,1,1
BRDA:16,1,0,1
BRDA:16,1,1,1
BRDA:17,2,0,1
BRDA:17,2,1,1
BRDA:18,3,0,1
BRDA:18,3,1,1
BRDA:19,4,0,1
BRDA:19,4,1,1
BRDA:20,5,0,1
BRDA:20,5,1,1
BRDA:43,6,0,0
BRDA:43,6,1,0
BRDA:46,7,0,0
BRDA:46,7,1,0
BRDA:51,8,0,0
BRDA:51,8,1,0
BRDA:62,9,0,0
BRDA:62,9,1,0
BRDA:91,10,0,0
BRDA:91,10,1,0
BRDA:92,11,0,0
BRDA:92,11,1,0
BRDA:93,12,0,0
BRDA:93,12,1,0
BRDA:96,13,0,0
BRDA:96,13,1,0
BRDA:99,14,0,0
BRDA:99,14,1,0
BRDA:99,15,0,0
BRDA:99,15,1,0
BRDA:115,16,0,0
BRDA:115,16,1,0
BRDA:116,17,0,0
BRDA:116,17,1,0
BRDA:119,18,0,0
BRDA:119,18,1,0
BRDA:122,19,0,0
BRDA:122,19,1,0
BRDA:123,20,0,0
BRDA:123,20,1,0
BRDA:124,21,0,0
BRDA:124,21,1,0
BRDA:143,22,0,0
BRDA:143,22,1,0
BRDA:143,23,0,0
BRDA:143,23,1,0
BRDA:143,23,2,0
BRDA:149,24,0,0
BRDA:149,24,1,0
BRDA:155,25,0,0
BRDA:155,25,1,0
BRDA:155,26,0,0
BRDA:155,26,1,0
BRDA:157,27,0,0
BRDA:157,27,1,0
BRDA:162,28,0,0
BRDA:162,28,1,0
BRDA:164,29,0,0
BRDA:164,29,1,0
BRDA:175,30,0,0
BRDA:175,30,1,0
BRDA:184,31,0,0
BRDA:184,31,1,0
BRDA:194,32,0,0
BRDA:194,32,1,0
BRDA:199,33,0,0
BRDA:199,33,1,0
BRDA:200,34,0,0
BRDA:200,34,1,0
BRDA:201,35,0,0
BRDA:201,35,1,0
BRDA:205,36,0,0
BRDA:205,36,1,0
BRDA:213,37,0,0
BRDA:213,37,1,0
BRDA:214,38,0,0
BRDA:214,38,1,0
BRDA:231,39,0,0
BRDA:231,39,1,0
BRDA:243,40,0,0
BRDA:243,40,1,0
BRDA:250,41,0,0
BRDA:250,41,1,0
BRDA:251,42,0,0
BRDA:251,42,1,0
BRDA:252,43,0,0
BRDA:252,43,1,0
BRDA:254,44,0,0
BRDA:254,44,1,0
BRDA:259,45,0,0
BRDA:259,45,1,0
BRDA:266,46,0,0
BRDA:266,46,1,0
BRDA:277,47,0,0
BRDA:277,47,1,0
BRDA:277,48,0,0
BRDA:277,48,1,0
BRDA:277,48,2,0
BRDA:281,49,0,0
BRDA:281,49,1,0
BRDA:298,50,0,0
BRDA:298,50,1,0
BRDA:305,51,0,0
BRDA:305,51,1,0
BRDA:311,52,0,0
BRDA:311,52,1,0
BRDA:313,53,0,0
BRDA:313,53,1,0
BRDA:313,54,0,0
BRDA:313,54,1,0
BRDA:328,55,0,0
BRDA:328,55,1,0
BRDA:340,56,0,0
BRDA:340,56,1,0
BRDA:341,57,0,0
BRDA:341,57,1,0
BRDA:341,58,0,0
BRDA:341,58,1,0
BRDA:351,59,0,0
BRDA:351,59,1,0
BRDA:391,60,0,0
BRDA:391,60,1,0
BRDA:398,61,0,0
BRDA:398,61,1,0
BRDA:402,62,0,0
BRDA:402,62,1,0
BRDA:417,63,0,2
BRDA:417,63,1,10
BRDA:417,64,0,12
BRDA:417,64,1,11
BRDA:425,65,0,1
BRDA:425,65,1,9
BRDA:436,66,0,1
BRDA:436,66,1,8
BRDA:447,67,0,1
BRDA:447,67,1,7
BRDA:456,68,0,1
BRDA:456,68,1,6
BRDA:456,69,0,7
BRDA:456,69,1,5
BRDA:459,70,0,1
BRDA:459,70,1,5
BRDA:459,71,0,6
BRDA:459,71,1,2
BRDA:464,72,0,1
BRDA:464,72,1,4
BRDA:464,73,0,5
BRDA:464,73,1,4
BRDA:469,74,0,2
BRDA:469,74,1,2
BRDA:469,75,0,4
BRDA:469,75,1,3
BRDA:473,76,0,1
BRDA:473,76,1,1
BRDA:486,77,0,0
BRDA:486,77,1,0
BRDA:489,78,0,0
BRDA:489,78,1,0
BRDA:492,79,0,0
BRDA:492,79,1,0
BRDA:495,80,0,0
BRDA:495,80,1,0
BRDA:498,81,0,0
BRDA:498,81,1,0
BRDA:502,82,0,0
BRDA:502,82,1,0
BRDA:505,83,0,0
BRDA:505,83,1,0
BRDA:508,84,0,0
BRDA:508,84,1,0
BRDA:509,85,0,0
BRDA:509,85,1,0
BRDA:537,86,0,0
BRDA:537,86,1,0
BRDA:537,87,0,0
BRDA:537,87,1,0
BRDA:551,88,0,0
BRDA:551,88,1,0
BRDA:555,89,0,0
BRDA:555,89,1,0
BRDA:556,90,0,0
BRDA:556,90,1,0
BRDA:557,91,0,0
BRDA:557,91,1,0
BRDA:577,92,0,0
BRDA:577,92,1,0
BRDA:581,93,0,0
BRDA:581,93,1,0
BRDA:588,94,0,0
BRDA:588,94,1,0
BRDA:596,95,0,0
BRDA:596,95,1,0
BRDA:599,96,0,0
BRDA:599,96,1,0
BRDA:607,97,0,0
BRDA:607,97,1,0
BRDA:610,98,0,0
BRDA:610,98,1,0
BRDA:622,99,0,0
BRDA:622,99,1,0
BRDA:623,100,0,0
BRDA:623,100,1,0
BRDA:646,101,0,0
BRDA:646,101,1,0
BRDA:661,102,0,0
BRDA:661,102,1,0
BRDA:663,103,0,0
BRDA:663,103,1,0
BRDA:673,104,0,0
BRDA:673,104,1,0
BRDA:688,105,0,0
BRDA:694,106,0,0
BRDA:694,106,1,0
BRDA:721,107,0,0
BRDA:721,107,1,0
BRDA:722,108,0,0
BRDA:722,108,1,0
BRDA:723,109,0,0
BRDA:723,109,1,0
BRDA:724,110,0,0
BRDA:724,110,1,0
BRDA:732,111,0,0
BRDA:732,111,1,0
BRDA:734,112,0,0
BRDA:734,112,1,0
BRDA:735,113,0,0
BRDA:735,113,1,0
BRDA:743,114,0,0
BRDA:743,114,1,4
BRDA:753,115,0,0
BRDA:753,115,1,0
BRDA:754,116,0,0
BRDA:754,116,1,0
BRDA:759,117,0,0
BRDA:759,117,1,0
BRDA:759,118,0,0
BRDA:759,118,1,0
BRDA:761,119,0,0
BRDA:761,119,1,0
BRDA:782,120,0,0
BRDA:782,120,1,0
BRDA:787,121,0,0
BRDA:787,121,1,0
BRDA:802,122,0,0
BRDA:802,122,1,0
BRDA:809,123,0,0
BRDA:809,123,1,0
BRDA:814,124,0,0
BRDA:814,124,1,0
BRDA:825,125,0,0
BRDA:825,125,1,0
BRDA:829,126,0,0
BRDA:829,126,1,0
BRDA:841,127,0,0
BRDA:841,127,1,0
BRDA:842,128,0,0
BRDA:842,128,1,0
BRF:259
BRH:41
end_of_record
TN:
SF:services\mqttService.js
FN:19,_getCommandService
FN:31,initMqttService
FN:52,(anonymous_2)
FN:61,(anonymous_3)
FN:66,(anonymous_4)
FN:73,(anonymous_5)
FN:81,(anonymous_6)
FN:82,(anonymous_7)
FN:83,(anonymous_8)
FN:84,(anonymous_9)
FN:90,_routeMessage
FN:119,handleDataMessage
FN:128,(anonymous_12)
FN:174,(anonymous_13)
FN:261,handleStatusMessage
FN:290,handleAckMessage
FN:322,_startHeartbeatMonitor
FN:327,(anonymous_17)
FN:333,(anonymous_18)
FN:341,_stopHeartbeatMonitor
FN:352,publishCommand
FN:353,(anonymous_21)
FN:363,(anonymous_22)
FN:370,(anonymous_23)
FN:371,(anonymous_24)
FN:388,isBrokerConnected
FN:392,getMqttClient
FN:396,getDevicePowerStatus
FN:405,getDeviceStatusSummary
FNF:29
FNH:0
FNDA:0,_getCommandService
FNDA:0,initMqttService
FNDA:0,(anonymous_2)
FNDA:0,(anonymous_3)
FNDA:0,(anonymous_4)
FNDA:0,(anonymous_5)
FNDA:0,(anonymous_6)
FNDA:0,(anonymous_7)
FNDA:0,(anonymous_8)
FNDA:0,(anonymous_9)
FNDA:0,_routeMessage
FNDA:0,handleDataMessage
FNDA:0,(anonymous_12)
FNDA:0,(anonymous_13)
FNDA:0,handleStatusMessage
FNDA:0,handleAckMessage
FNDA:0,_startHeartbeatMonitor
FNDA:0,(anonymous_17)
FNDA:0,(anonymous_18)
FNDA:0,_stopHeartbeatMonitor
FNDA:0,publishCommand
FNDA:0,(anonymous_21)
FNDA:0,(anonymous_22)
FNDA:0,(anonymous_23)
FNDA:0,(anonymous_24)
FNDA:0,isBrokerConnected
FNDA:0,getMqttClient
FNDA:0,getDevicePowerStatus
FNDA:0,getDeviceStatusSummary
DA:2,1
DA:4,1
DA:6,1
DA:7,1
DA:9,1
DA:10,1
DA:11,1
DA:12,1
DA:18,1
DA:20,0
DA:23,1
DA:24,1
DA:25,1
DA:26,1
DA:27,1
DA:29,1
DA:32,0
DA:34,0
DA:36,0
DA:44,0
DA:45,0
DA:46,0
DA:49,0
DA:52,0
DA:53,0
DA:54,0
DA:55,0
DA:61,0
DA:62,0
DA:63,0
DA:64,0
DA:66,0
DA:69,0
DA:73,0
DA:74,0
DA:75,0
DA:77,0
DA:81,0
DA:82,0
DA:83,0
DA:84,0
DA:91,0
DA:93,0
DA:94,0
DA:95,0
DA:96,0
DA:99,0
DA:101,0
DA:103,0
DA:104,0
DA:106,0
DA:107,0
DA:109,0
DA:110,0
DA:112,0
DA:121,0
DA:122,0
DA:123,0
DA:124,0
DA:126,0
DA:128,0
DA:130,0
DA:131,0
DA:132,0
DA:133,0
DA:134,0
DA:139,0
DA:140,0
DA:144,0
DA:145,0
DA:146,0
DA:147,0
DA:153,0
DA:155,0
DA:156,0
DA:163,0
DA:164,0
DA:173,0
DA:174,0
DA:179,0
DA:182,0
DA:183,0
DA:184,0
DA:185,0
DA:188,0
DA:191,0
DA:195,0
DA:220,0
DA:223,0
DA:231,0
DA:249,0
DA:262,0
DA:264,0
DA:265,0
DA:266,0
DA:269,0
DA:270,0
DA:271,0
DA:272,0
DA:273,0
DA:276,0
DA:277,0
DA:278,0
DA:279,0
DA:283,0
DA:284,0
DA:286,0
DA:293,0
DA:294,0
DA:296,0
DA:297,0
DA:300,0
DA:302,0
DA:303,0
DA:304,0
DA:307,0
DA:309,0
DA:310,0
DA:316,0
DA:323,0
DA:327,0
DA:328,0
DA:329,0
DA:333,0
DA:334,0
DA:335,0
DA:336,0
DA:342,0
DA:343,0
DA:344,0
DA:353,0
DA:354,0
DA:355,0
DA:357,0
DA:358,0
DA:361,0
DA:363,0
DA:364,0
DA:365,0
DA:368,0
DA:369,0
DA:370,0
DA:371,0
DA:372,0
DA:373,0
DA:374,0
DA:379,0
DA:389,0
DA:393,0
DA:399,0
DA:406,0
DA:409,1
LF:152
LH:16
BRDA:44,0,0,0
BRDA:44,0,1,0
BRDA:62,1,0,0
BRDA:62,1,1,0
BRDA:91,2,0,0
BRDA:91,2,1,0
BRDA:94,3,0,0
BRDA:94,3,1,0
BRDA:101,4,0,0
BRDA:101,4,1,0
BRDA:101,4,2,0
BRDA:101,4,3,0
BRDA:122,5,0,0
BRDA:122,5,1,0
BRDA:139,6,0,0
BRDA:139,6,1,0
BRDA:145,7,0,0
BRDA:145,7,1,0
BRDA:155,8,0,0
BRDA:155,8,1,0
BRDA:163,9,0,0
BRDA:163,9,1,0
BRDA:173,10,0,0
BRDA:173,10,1,0
BRDA:179,11,0,0
BRDA:179,11,1,0
BRDA:183,12,0,0
BRDA:183,12,1,0
BRDA:184,13,0,0
BRDA:184,13,1,0
BRDA:188,14,0,0
BRDA:188,14,1,0
BRDA:191,15,0,0
BRDA:191,15,1,0
BRDA:198,16,0,0
BRDA:198,16,1,0
BRDA:214,17,0,0
BRDA:214,17,1,0
BRDA:216,18,0,0
BRDA:216,18,1,0
BRDA:216,18,2,0
BRDA:217,19,0,0
BRDA:217,19,1,0
BRDA:246,20,0,0
BRDA:246,20,1,0
BRDA:251,21,0,0
BRDA:251,21,1,0
BRDA:252,22,0,0
BRDA:252,22,1,0
BRDA:253,23,0,0
BRDA:253,23,1,0
BRDA:264,24,0,0
BRDA:264,24,1,0
BRDA:270,25,0,0
BRDA:270,25,1,0
BRDA:271,26,0,0
BRDA:271,26,1,0
BRDA:277,27,0,0
BRDA:277,27,1,0
BRDA:283,28,0,0
BRDA:283,28,1,0
BRDA:300,29,0,0
BRDA:302,30,0,0
BRDA:302,30,1,0
BRDA:302,31,0,0
BRDA:302,31,1,0
BRDA:328,32,0,0
BRDA:328,32,1,0
BRDA:335,33,0,0
BRDA:335,33,1,0
BRDA:342,34,0,0
BRDA:342,34,1,0
BRDA:354,35,0,0
BRDA:354,35,1,0
BRDA:354,36,0,0
BRDA:354,36,1,0
BRDA:357,37,0,0
BRDA:357,37,1,0
BRDA:364,38,0,0
BRDA:364,38,1,0
BRDA:368,39,0,0
BRDA:368,39,1,0
BRDA:368,40,0,0
BRDA:368,40,1,0
BRDA:372,41,0,0
BRDA:372,41,1,0
BRDA:389,42,0,0
BRDA:389,42,1,0
BRDA:399,43,0,0
BRDA:399,43,1,0
BRF:90
BRH:0
end_of_record
TN:
SF:services\payloadValidator.js
FN:35,parseAndValidate
FN:118,parseStatusPayload
FN:148,parseTopic
FNF:3
FNH:0
FNDA:0,parseAndValidate
FNDA:0,parseStatusPayload
FNDA:0,parseTopic
DA:4,1
DA:25,1
DA:38,0
DA:39,0
DA:41,0
DA:44,0
DA:45,0
DA:50,0
DA:51,0
DA:52,0
DA:54,0
DA:56,0
DA:58,0
DA:60,0
DA:61,0
DA:62,0
DA:63,0
DA:64,0
DA:68,0
DA:69,0
DA:70,0
DA:74,0
DA:75,0
DA:76,0
DA:80,0
DA:83,0
DA:84,0
DA:85,0
DA:92,0
DA:93,0
DA:94,0
DA:96,0
DA:97,0
DA:98,0
DA:101,0
DA:102,0
DA:103,0
DA:104,0
DA:108,0
DA:119,0
DA:122,0
DA:123,0
DA:127,0
DA:128,0
DA:129,0
DA:130,0
DA:136,0
DA:153,0
DA:154,0
DA:156,0
DA:157,0
DA:159,0
DA:165,1
LF:53
LH:3
BRDA:44,0,0,0
BRDA:44,0,1,0
BRDA:44,1,0,0
BRDA:44,1,1,0
BRDA:44,1,2,0
BRDA:56,2,0,0
BRDA:56,2,1,0
BRDA:60,3,0,0
BRDA:60,3,1,0
BRDA:62,4,0,0
BRDA:62,4,1,0
BRDA:69,5,0,0
BRDA:69,5,1,0
BRDA:74,6,0,0
BRDA:74,6,1,0
BRDA:74,7,0,0
BRDA:74,7,1,0
BRDA:80,8,0,0
BRDA:80,8,1,0
BRDA:84,9,0,0
BRDA:84,9,1,0
BRDA:93,10,0,0
BRDA:93,10,1,0
BRDA:93,11,0,0
BRDA:93,11,1,0
BRDA:94,12,0,0
BRDA:94,12,1,0
BRDA:96,13,0,0
BRDA:96,13,1,0
BRDA:98,14,0,0
BRDA:98,14,1,0
BRDA:101,15,0,0
BRDA:101,15,1,0
BRDA:101,16,0,0
BRDA:101,16,1,0
BRDA:102,17,0,0
BRDA:102,17,1,0
BRDA:103,18,0,0
BRDA:103,18,1,0
BRDA:103,19,0,0
BRDA:103,19,1,0
BRDA:122,20,0,0
BRDA:122,20,1,0
BRDA:122,21,0,0
BRDA:122,21,1,0
BRDA:129,22,0,0
BRDA:129,22,1,0
BRDA:129,23,0,0
BRDA:129,23,1,0
BRDA:154,24,0,0
BRDA:154,24,1,0
BRDA:154,25,0,0
BRDA:154,25,1,0
BRDA:157,26,0,0
BRDA:157,26,1,0
BRDA:157,27,0,0
BRDA:157,27,1,0
BRF:57
BRH:0
end_of_record
TN:
SF:services\socketService.js
FN:22,initSocketService
FN:25,(anonymous_1)
FN:37,(anonymous_2)
FN:52,(anonymous_3)
FN:60,(anonymous_4)
FN:66,(anonymous_5)
FN:71,(anonymous_6)
FN:88,emitToUser
FN:100,emitToDevice
FN:109,emitToAll
FN:118,getConnectedCount
FNF:11
FNH:0
FNDA:0,initSocketService
FNDA:0,(anonymous_1)
FNDA:0,(anonymous_2)
FNDA:0,(anonymous_3)
FNDA:0,(anonymous_4)
FNDA:0,(anonymous_5)
FNDA:0,(anonymous_6)
FNDA:0,emitToUser
FNDA:0,emitToDevice
FNDA:0,emitToAll
FNDA:0,getConnectedCount
DA:16,1
DA:23,0
DA:25,0
DA:26,0
DA:27,0
DA:37,0
DA:38,0
DA:39,0
DA:40,0
DA:43,0
DA:44,0
DA:45,0
DA:48,0
DA:52,0
DA:53,0
DA:54,0
DA:55,0
DA:56,0
DA:60,0
DA:61,0
DA:62,0
DA:66,0
DA:67,0
DA:71,0
DA:72,0
DA:76,0
DA:89,0
DA:90,0
DA:91,0
DA:93,0
DA:101,0
DA:102,0
DA:110,0
DA:111,0
DA:119,0
DA:120,0
DA:121,0
DA:124,1
LF:38
LH:2
BRDA:38,0,0,0
BRDA:38,0,1,0
BRDA:53,1,0,0
BRDA:53,1,1,0
BRDA:61,2,0,0
BRDA:61,2,1,0
BRDA:89,3,0,0
BRDA:89,3,1,0
BRDA:101,4,0,0
BRDA:101,4,1,0
BRDA:110,5,0,0
BRDA:110,5,1,0
BRDA:119,6,0,0
BRDA:119,6,1,0
BRF:14
BRH:0
end_of_record
TN:
SF:services\thresholdService.js
FN:49,checkThresholds
FN:180,createSystemNotification
FNF:2
FNH:0
FNDA:0,checkThresholds
FNDA:0,createSystemNotification
DA:14,1
DA:15,1
DA:18,1
DA:37,1
DA:50,0
DA:51,0
DA:54,0
DA:55,0
DA:56,0
DA:63,0
DA:64,0
DA:75,0
DA:76,0
DA:77,0
DA:84,0
DA:85,0
DA:96,0
DA:97,0
DA:98,0
DA:105,0
DA:106,0
DA:117,0
DA:118,0
DA:127,0
DA:130,0
DA:132,0
DA:133,0
DA:134,0
DA:141,0
DA:143,0
DA:147,0
DA:159,0
DA:170,0
DA:181,0
DA:182,0
DA:193,0
DA:203,0
DA:205,0
DA:206,0
DA:210,1
LF:40
LH:5
BRDA:54,0,0,0
BRDA:54,0,1,0
BRDA:55,1,0,0
BRDA:55,1,1,0
BRDA:63,2,0,0
BRDA:63,2,1,0
BRDA:75,3,0,0
BRDA:75,3,1,0
BRDA:76,4,0,0
BRDA:76,4,1,0
BRDA:84,5,0,0
BRDA:84,5,1,0
BRDA:96,6,0,0
BRDA:96,6,1,0
BRDA:97,7,0,0
BRDA:97,7,1,0
BRDA:105,8,0,0
BRDA:105,8,1,0
BRDA:117,9,0,0
BRDA:117,9,1,0
BRDA:117,10,0,0
BRDA:117,10,1,0
BRDA:127,11,0,0
BRDA:127,11,1,0
BRDA:141,12,0,0
BRDA:141,12,1,0
BRDA:150,13,0,0
BRDA:150,13,1,0
BRDA:184,14,0,0
BRDA:184,14,1,0
BRDA:185,15,0,0
BRDA:185,15,1,0
BRDA:188,16,0,0
BRDA:188,16,1,0
BRDA:189,17,0,0
BRDA:189,17,1,0
BRDA:190,18,0,0
BRDA:190,18,1,0
BRF:38
BRH:0
end_of_record
TN:
SF:utils\getSeason.js
FN:1,(anonymous_0)
FNF:1
FNH:0
FNDA:0,(anonymous_0)
DA:1,1
DA:2,0
DA:4,0
DA:5,0
DA:8,0
DA:9,0
DA:12,0
DA:15,1
LF:8
LH:2
BRDA:4,0,0,0
BRDA:4,0,1,0
BRDA:4,1,0,0
BRDA:4,1,1,0
BRDA:8,2,0,0
BRDA:8,2,1,0
BRDA:8,3,0,0
BRDA:8,3,1,0
BRF:8
BRH:0
end_of_record
